[2024-02-20 20:38:18,765] multiqc                                            [DEBUG  ]  This is MultiQC v1.12
[2024-02-20 20:38:18,765] multiqc                                            [DEBUG  ]  No MultiQC config found: /usr/lib/python3/dist-packages/multiqc_config.yaml
[2024-02-20 20:38:18,765] multiqc                                            [DEBUG  ]  No MultiQC config found: /axolote/diana/.multiqc_config.yaml
[2024-02-20 20:38:18,765] multiqc                                            [DEBUG  ]  No MultiQC config found: multiqc_config.yaml
[2024-02-20 20:38:18,765] multiqc                                            [DEBUG  ]  Command used: /axolote/diana/.local/bin/multiqc results/01.fastqc/S1A015_R1_fastqc.zip results/01.fastqc/S1A015_R2_fastqc.zip results/01.fastqc/S1A1530_R1_fastqc.zip results/01.fastqc/S1A1530_R2_fastqc.zip results/01.fastqc/S1A3050_R1_fastqc.zip results/01.fastqc/S1A3050_R2_fastqc.zip results/01.fastqc/S1A5075_R1_fastqc.zip results/01.fastqc/S1A5075_R2_fastqc.zip results/01.fastqc/S1B07_R1_fastqc.zip results/01.fastqc/S1B07_R2_fastqc.zip results/01.fastqc/S1B2230_R1_fastqc.zip results/01.fastqc/S1B2230_R2_fastqc.zip results/01.fastqc/S1B3040_R1_fastqc.zip results/01.fastqc/S1B3040_R2_fastqc.zip results/01.fastqc/S1B6575_R1_fastqc.zip results/01.fastqc/S1B6575_R2_fastqc.zip results/01.fastqc/S2A1727_R1_fastqc.zip results/01.fastqc/S2A1727_R2_fastqc.zip results/01.fastqc/S2A3545_R1_fastqc.zip results/01.fastqc/S2A3545_R2_fastqc.zip results/01.fastqc/S2A5060_R1_fastqc.zip results/01.fastqc/S2A5060_R2_fastqc.zip results/01.fastqc/S2A515_R1_fastqc.zip results/01.fastqc/S2A515_R2_fastqc.zip results/01.fastqc/S2B07_R1_fastqc.zip results/01.fastqc/S2B07_R2_fastqc.zip results/01.fastqc/S2B1522_R1_fastqc.zip results/01.fastqc/S2B1522_R2_fastqc.zip results/01.fastqc/S2B3040_R1_fastqc.zip results/01.fastqc/S2B3040_R2_fastqc.zip results/01.fastqc/S2B5565_R1_fastqc.zip results/01.fastqc/S2B5565_R2_fastqc.zip results/01.fastqc/S3A07_R1_fastqc.zip results/01.fastqc/S3A07_R2_fastqc.zip results/01.fastqc/S3A1522_R1_fastqc.zip results/01.fastqc/S3A1522_R2_fastqc.zip results/01.fastqc/S3A3040_R1_fastqc.zip results/01.fastqc/S3A3040_R2_fastqc.zip results/01.fastqc/S3A6070_R1_fastqc.zip results/01.fastqc/S3A6070_R2_fastqc.zip results/01.fastqc/S3B2030_R1_fastqc.zip results/01.fastqc/S3B2030_R2_fastqc.zip results/01.fastqc/S3B3545_R1_fastqc.zip results/01.fastqc/S3B3545_R2_fastqc.zip results/01.fastqc/S3B6070_R1_fastqc.zip results/01.fastqc/S3B6070_R2_fastqc.zip results/01.fastqc/S4B07_R1_fastqc.zip results/01.fastqc/S4B07_R2_fastqc.zip results/01.fastqc/S4B1522_R1_fastqc.zip results/01.fastqc/S4B1522_R2_fastqc.zip results/01.fastqc/S4B3040_R1_fastqc.zip results/01.fastqc/S4B3040_R2_fastqc.zip results/01.fastqc/S4B5565_R1_fastqc.zip results/01.fastqc/S4B5565_R2_fastqc.zip results/01.fastqc/S5A07_R1_fastqc.zip results/01.fastqc/S5A07_R2_fastqc.zip results/01.fastqc/S5A1522_R1_fastqc.zip results/01.fastqc/S5A1522_R2_fastqc.zip results/01.fastqc/S5A3040_R1_fastqc.zip results/01.fastqc/S5A3040_R2_fastqc.zip results/01.fastqc/S5A5565_R1_fastqc.zip results/01.fastqc/S5A5565_R2_fastqc.zip results/01.fastqc/S5B07_R1_fastqc.zip results/01.fastqc/S5B07_R2_fastqc.zip results/01.fastqc/S5B1522_R1_fastqc.zip results/01.fastqc/S5B1522_R2_fastqc.zip results/01.fastqc/S5B3040_R1_fastqc.zip results/01.fastqc/S5B3040_R2_fastqc.zip results/01.fastqc/S5B5060_R1_fastqc.zip results/01.fastqc/S5B5060_R2_fastqc.zip results/01.fastqc/S6A07_R1_fastqc.zip results/01.fastqc/S6A07_R2_fastqc.zip results/01.fastqc/S6A1522_R1_fastqc.zip results/01.fastqc/S6A1522_R2_fastqc.zip results/01.fastqc/S6A3040_R1_fastqc.zip results/01.fastqc/S6A3040_R2_fastqc.zip results/01.fastqc/S6B07_R1_fastqc.zip results/01.fastqc/S6B07_R2_fastqc.zip results/01.fastqc/S6B1522_R1_fastqc.zip results/01.fastqc/S6B1522_R2_fastqc.zip results/01.fastqc/S6B3040_R1_fastqc.zip results/01.fastqc/S6B3040_R2_fastqc.zip results/01.fastqc/S7A07_R1_fastqc.zip results/01.fastqc/S7A07_R2_fastqc.zip results/01.fastqc/S7A1522_R1_fastqc.zip results/01.fastqc/S7A1522_R2_fastqc.zip results/01.fastqc/S7A3040_R1_fastqc.zip results/01.fastqc/S7A3040_R2_fastqc.zip results/01.fastqc/S7A5060_R1_fastqc.zip results/01.fastqc/S7A5060_R2_fastqc.zip results/01.fastqc/S7B07_R1_fastqc.zip results/01.fastqc/S7B07_R2_fastqc.zip results/01.fastqc/S7B1522_R1_fastqc.zip results/01.fastqc/S7B1522_R2_fastqc.zip results/01.fastqc/S7B5060_R1_fastqc.zip results/01.fastqc/S7B5060_R2_fastqc.zip -o results/01.fastqc/multiqc
[2024-02-20 20:38:19,632] multiqc                                            [WARNING]  MultiQC Version v1.20 now available!
[2024-02-20 20:38:19,632] multiqc                                            [DEBUG  ]  Command     : /axolote/diana/.local/bin/multiqc results/01.fastqc/S1A015_R1_fastqc.zip results/01.fastqc/S1A015_R2_fastqc.zip results/01.fastqc/S1A1530_R1_fastqc.zip results/01.fastqc/S1A1530_R2_fastqc.zip results/01.fastqc/S1A3050_R1_fastqc.zip results/01.fastqc/S1A3050_R2_fastqc.zip results/01.fastqc/S1A5075_R1_fastqc.zip results/01.fastqc/S1A5075_R2_fastqc.zip results/01.fastqc/S1B07_R1_fastqc.zip results/01.fastqc/S1B07_R2_fastqc.zip results/01.fastqc/S1B2230_R1_fastqc.zip results/01.fastqc/S1B2230_R2_fastqc.zip results/01.fastqc/S1B3040_R1_fastqc.zip results/01.fastqc/S1B3040_R2_fastqc.zip results/01.fastqc/S1B6575_R1_fastqc.zip results/01.fastqc/S1B6575_R2_fastqc.zip results/01.fastqc/S2A1727_R1_fastqc.zip results/01.fastqc/S2A1727_R2_fastqc.zip results/01.fastqc/S2A3545_R1_fastqc.zip results/01.fastqc/S2A3545_R2_fastqc.zip results/01.fastqc/S2A5060_R1_fastqc.zip results/01.fastqc/S2A5060_R2_fastqc.zip results/01.fastqc/S2A515_R1_fastqc.zip results/01.fastqc/S2A515_R2_fastqc.zip results/01.fastqc/S2B07_R1_fastqc.zip results/01.fastqc/S2B07_R2_fastqc.zip results/01.fastqc/S2B1522_R1_fastqc.zip results/01.fastqc/S2B1522_R2_fastqc.zip results/01.fastqc/S2B3040_R1_fastqc.zip results/01.fastqc/S2B3040_R2_fastqc.zip results/01.fastqc/S2B5565_R1_fastqc.zip results/01.fastqc/S2B5565_R2_fastqc.zip results/01.fastqc/S3A07_R1_fastqc.zip results/01.fastqc/S3A07_R2_fastqc.zip results/01.fastqc/S3A1522_R1_fastqc.zip results/01.fastqc/S3A1522_R2_fastqc.zip results/01.fastqc/S3A3040_R1_fastqc.zip results/01.fastqc/S3A3040_R2_fastqc.zip results/01.fastqc/S3A6070_R1_fastqc.zip results/01.fastqc/S3A6070_R2_fastqc.zip results/01.fastqc/S3B2030_R1_fastqc.zip results/01.fastqc/S3B2030_R2_fastqc.zip results/01.fastqc/S3B3545_R1_fastqc.zip results/01.fastqc/S3B3545_R2_fastqc.zip results/01.fastqc/S3B6070_R1_fastqc.zip results/01.fastqc/S3B6070_R2_fastqc.zip results/01.fastqc/S4B07_R1_fastqc.zip results/01.fastqc/S4B07_R2_fastqc.zip results/01.fastqc/S4B1522_R1_fastqc.zip results/01.fastqc/S4B1522_R2_fastqc.zip results/01.fastqc/S4B3040_R1_fastqc.zip results/01.fastqc/S4B3040_R2_fastqc.zip results/01.fastqc/S4B5565_R1_fastqc.zip results/01.fastqc/S4B5565_R2_fastqc.zip results/01.fastqc/S5A07_R1_fastqc.zip results/01.fastqc/S5A07_R2_fastqc.zip results/01.fastqc/S5A1522_R1_fastqc.zip results/01.fastqc/S5A1522_R2_fastqc.zip results/01.fastqc/S5A3040_R1_fastqc.zip results/01.fastqc/S5A3040_R2_fastqc.zip results/01.fastqc/S5A5565_R1_fastqc.zip results/01.fastqc/S5A5565_R2_fastqc.zip results/01.fastqc/S5B07_R1_fastqc.zip results/01.fastqc/S5B07_R2_fastqc.zip results/01.fastqc/S5B1522_R1_fastqc.zip results/01.fastqc/S5B1522_R2_fastqc.zip results/01.fastqc/S5B3040_R1_fastqc.zip results/01.fastqc/S5B3040_R2_fastqc.zip results/01.fastqc/S5B5060_R1_fastqc.zip results/01.fastqc/S5B5060_R2_fastqc.zip results/01.fastqc/S6A07_R1_fastqc.zip results/01.fastqc/S6A07_R2_fastqc.zip results/01.fastqc/S6A1522_R1_fastqc.zip results/01.fastqc/S6A1522_R2_fastqc.zip results/01.fastqc/S6A3040_R1_fastqc.zip results/01.fastqc/S6A3040_R2_fastqc.zip results/01.fastqc/S6B07_R1_fastqc.zip results/01.fastqc/S6B07_R2_fastqc.zip results/01.fastqc/S6B1522_R1_fastqc.zip results/01.fastqc/S6B1522_R2_fastqc.zip results/01.fastqc/S6B3040_R1_fastqc.zip results/01.fastqc/S6B3040_R2_fastqc.zip results/01.fastqc/S7A07_R1_fastqc.zip results/01.fastqc/S7A07_R2_fastqc.zip results/01.fastqc/S7A1522_R1_fastqc.zip results/01.fastqc/S7A1522_R2_fastqc.zip results/01.fastqc/S7A3040_R1_fastqc.zip results/01.fastqc/S7A3040_R2_fastqc.zip results/01.fastqc/S7A5060_R1_fastqc.zip results/01.fastqc/S7A5060_R2_fastqc.zip results/01.fastqc/S7B07_R1_fastqc.zip results/01.fastqc/S7B07_R2_fastqc.zip results/01.fastqc/S7B1522_R1_fastqc.zip results/01.fastqc/S7B1522_R2_fastqc.zip results/01.fastqc/S7B5060_R1_fastqc.zip results/01.fastqc/S7B5060_R2_fastqc.zip -o results/01.fastqc/multiqc
[2024-02-20 20:38:19,632] multiqc                                            [DEBUG  ]  Working dir : /axolote/diana/manglares
[2024-02-20 20:38:19,633] multiqc                                            [DEBUG  ]  Template    : default
[2024-02-20 20:38:19,633] multiqc                                            [DEBUG  ]  Running Python 3.10.12 (main, Nov 20 2023, 15:14:05) [GCC 11.4.0]
[2024-02-20 20:38:19,633] multiqc                                            [DEBUG  ]  Analysing modules: custom_content, ccs, ngsderive, purple, conpair, lima, peddy, somalier, methylQA, mosdepth, phantompeakqualtools, qualimap, preseq, quast, qorts, rna_seqc, rockhopper, rsem, rseqc, busco, bustools, goleft_indexcov, gffcompare, disambiguate, supernova, deeptools, sargasso, verifybamid, mirtrace, happy, mirtop, sambamba, homer, hops, macs2, theta2, snpeff, gatk, htseq, bcftools, featureCounts, fgbio, dragen, dedup, pbmarkdup, damageprofiler, biobambam2, jcvi, mtnucratio, picard, vep, sentieon, prokka, qc3C, nanostat, samblaster, samtools, sexdeterrmine, eigenstratdatabasetools, bamtools, jellyfish, vcftools, longranger, stacks, varscan2, snippy, bbmap, bismark, biscuit, hicexplorer, hicup, hicpro, salmon, kallisto, slamdunk, star, hisat2, tophat, bowtie2, bowtie1, snpsplit, odgi, pangolin, kat, leehom, adapterRemoval, clipandmerge, cutadapt, flexbar, kaiju, kraken, malt, trimmomatic, sickle, skewer, sortmerna, biobloomtools, fastq_screen, afterqc, fastp, fastqc, pychopper, pycoqc, minionqc, multivcfanalyzer, clusterflow, checkqc, bcl2fastq, bclconvert, interop, ivar, flash, seqyclean, optitype, whatshap
[2024-02-20 20:38:19,634] multiqc                                            [DEBUG  ]  Using temporary directory for creating report: /tmp/tmpj_b3vqk8
[2024-02-20 20:38:19,635] multiqc                                            [INFO   ]  Search path : /axolote/diana/manglares/results/01.fastqc/S1A015_R1_fastqc.zip
[2024-02-20 20:38:19,635] multiqc                                            [INFO   ]  Search path : /axolote/diana/manglares/results/01.fastqc/S1A015_R2_fastqc.zip
[2024-02-20 20:38:19,635] multiqc                                            [INFO   ]  Search path : /axolote/diana/manglares/results/01.fastqc/S1A1530_R1_fastqc.zip
[2024-02-20 20:38:19,636] multiqc                                            [INFO   ]  Search path : /axolote/diana/manglares/results/01.fastqc/S1A1530_R2_fastqc.zip
[2024-02-20 20:38:19,636] multiqc                                            [INFO   ]  Search path : /axolote/diana/manglares/results/01.fastqc/S1A3050_R1_fastqc.zip
[2024-02-20 20:38:19,636] multiqc                                            [INFO   ]  Search path : /axolote/diana/manglares/results/01.fastqc/S1A3050_R2_fastqc.zip
[2024-02-20 20:38:19,636] multiqc                                            [INFO   ]  Search path : /axolote/diana/manglares/results/01.fastqc/S1A5075_R1_fastqc.zip
[2024-02-20 20:38:19,636] multiqc                                            [INFO   ]  Search path : /axolote/diana/manglares/results/01.fastqc/S1A5075_R2_fastqc.zip
[2024-02-20 20:38:19,636] multiqc                                            [INFO   ]  Search path : /axolote/diana/manglares/results/01.fastqc/S1B07_R1_fastqc.zip
[2024-02-20 20:38:19,636] multiqc                                            [INFO   ]  Search path : /axolote/diana/manglares/results/01.fastqc/S1B07_R2_fastqc.zip
[2024-02-20 20:38:19,636] multiqc                                            [INFO   ]  Search path : /axolote/diana/manglares/results/01.fastqc/S1B2230_R1_fastqc.zip
[2024-02-20 20:38:19,636] multiqc                                            [INFO   ]  Search path : /axolote/diana/manglares/results/01.fastqc/S1B2230_R2_fastqc.zip
[2024-02-20 20:38:19,636] multiqc                                            [INFO   ]  Search path : /axolote/diana/manglares/results/01.fastqc/S1B3040_R1_fastqc.zip
[2024-02-20 20:38:19,637] multiqc                                            [INFO   ]  Search path : /axolote/diana/manglares/results/01.fastqc/S1B3040_R2_fastqc.zip
[2024-02-20 20:38:19,637] multiqc                                            [INFO   ]  Search path : /axolote/diana/manglares/results/01.fastqc/S1B6575_R1_fastqc.zip
[2024-02-20 20:38:19,637] multiqc                                            [INFO   ]  Search path : /axolote/diana/manglares/results/01.fastqc/S1B6575_R2_fastqc.zip
[2024-02-20 20:38:19,637] multiqc                                            [INFO   ]  Search path : /axolote/diana/manglares/results/01.fastqc/S2A1727_R1_fastqc.zip
[2024-02-20 20:38:19,637] multiqc                                            [INFO   ]  Search path : /axolote/diana/manglares/results/01.fastqc/S2A1727_R2_fastqc.zip
[2024-02-20 20:38:19,637] multiqc                                            [INFO   ]  Search path : /axolote/diana/manglares/results/01.fastqc/S2A3545_R1_fastqc.zip
[2024-02-20 20:38:19,637] multiqc                                            [INFO   ]  Search path : /axolote/diana/manglares/results/01.fastqc/S2A3545_R2_fastqc.zip
[2024-02-20 20:38:19,637] multiqc                                            [INFO   ]  Search path : /axolote/diana/manglares/results/01.fastqc/S2A5060_R1_fastqc.zip
[2024-02-20 20:38:19,637] multiqc                                            [INFO   ]  Search path : /axolote/diana/manglares/results/01.fastqc/S2A5060_R2_fastqc.zip
[2024-02-20 20:38:19,637] multiqc                                            [INFO   ]  Search path : /axolote/diana/manglares/results/01.fastqc/S2A515_R1_fastqc.zip
[2024-02-20 20:38:19,638] multiqc                                            [INFO   ]  Search path : /axolote/diana/manglares/results/01.fastqc/S2A515_R2_fastqc.zip
[2024-02-20 20:38:19,638] multiqc                                            [INFO   ]  Search path : /axolote/diana/manglares/results/01.fastqc/S2B07_R1_fastqc.zip
[2024-02-20 20:38:19,638] multiqc                                            [INFO   ]  Search path : /axolote/diana/manglares/results/01.fastqc/S2B07_R2_fastqc.zip
[2024-02-20 20:38:19,638] multiqc                                            [INFO   ]  Search path : /axolote/diana/manglares/results/01.fastqc/S2B1522_R1_fastqc.zip
[2024-02-20 20:38:19,638] multiqc                                            [INFO   ]  Search path : /axolote/diana/manglares/results/01.fastqc/S2B1522_R2_fastqc.zip
[2024-02-20 20:38:19,638] multiqc                                            [INFO   ]  Search path : /axolote/diana/manglares/results/01.fastqc/S2B3040_R1_fastqc.zip
[2024-02-20 20:38:19,638] multiqc                                            [INFO   ]  Search path : /axolote/diana/manglares/results/01.fastqc/S2B3040_R2_fastqc.zip
[2024-02-20 20:38:19,638] multiqc                                            [INFO   ]  Search path : /axolote/diana/manglares/results/01.fastqc/S2B5565_R1_fastqc.zip
[2024-02-20 20:38:19,638] multiqc                                            [INFO   ]  Search path : /axolote/diana/manglares/results/01.fastqc/S2B5565_R2_fastqc.zip
[2024-02-20 20:38:19,638] multiqc                                            [INFO   ]  Search path : /axolote/diana/manglares/results/01.fastqc/S3A07_R1_fastqc.zip
[2024-02-20 20:38:19,638] multiqc                                            [INFO   ]  Search path : /axolote/diana/manglares/results/01.fastqc/S3A07_R2_fastqc.zip
[2024-02-20 20:38:19,638] multiqc                                            [INFO   ]  Search path : /axolote/diana/manglares/results/01.fastqc/S3A1522_R1_fastqc.zip
[2024-02-20 20:38:19,638] multiqc                                            [INFO   ]  Search path : /axolote/diana/manglares/results/01.fastqc/S3A1522_R2_fastqc.zip
[2024-02-20 20:38:19,638] multiqc                                            [INFO   ]  Search path : /axolote/diana/manglares/results/01.fastqc/S3A3040_R1_fastqc.zip
[2024-02-20 20:38:19,638] multiqc                                            [INFO   ]  Search path : /axolote/diana/manglares/results/01.fastqc/S3A3040_R2_fastqc.zip
[2024-02-20 20:38:19,638] multiqc                                            [INFO   ]  Search path : /axolote/diana/manglares/results/01.fastqc/S3A6070_R1_fastqc.zip
[2024-02-20 20:38:19,639] multiqc                                            [INFO   ]  Search path : /axolote/diana/manglares/results/01.fastqc/S3A6070_R2_fastqc.zip
[2024-02-20 20:38:19,639] multiqc                                            [INFO   ]  Search path : /axolote/diana/manglares/results/01.fastqc/S3B2030_R1_fastqc.zip
[2024-02-20 20:38:19,639] multiqc                                            [INFO   ]  Search path : /axolote/diana/manglares/results/01.fastqc/S3B2030_R2_fastqc.zip
[2024-02-20 20:38:19,639] multiqc                                            [INFO   ]  Search path : /axolote/diana/manglares/results/01.fastqc/S3B3545_R1_fastqc.zip
[2024-02-20 20:38:19,639] multiqc                                            [INFO   ]  Search path : /axolote/diana/manglares/results/01.fastqc/S3B3545_R2_fastqc.zip
[2024-02-20 20:38:19,639] multiqc                                            [INFO   ]  Search path : /axolote/diana/manglares/results/01.fastqc/S3B6070_R1_fastqc.zip
[2024-02-20 20:38:19,639] multiqc                                            [INFO   ]  Search path : /axolote/diana/manglares/results/01.fastqc/S3B6070_R2_fastqc.zip
[2024-02-20 20:38:19,639] multiqc                                            [INFO   ]  Search path : /axolote/diana/manglares/results/01.fastqc/S4B07_R1_fastqc.zip
[2024-02-20 20:38:19,639] multiqc                                            [INFO   ]  Search path : /axolote/diana/manglares/results/01.fastqc/S4B07_R2_fastqc.zip
[2024-02-20 20:38:19,639] multiqc                                            [INFO   ]  Search path : /axolote/diana/manglares/results/01.fastqc/S4B1522_R1_fastqc.zip
[2024-02-20 20:38:19,639] multiqc                                            [INFO   ]  Search path : /axolote/diana/manglares/results/01.fastqc/S4B1522_R2_fastqc.zip
[2024-02-20 20:38:19,639] multiqc                                            [INFO   ]  Search path : /axolote/diana/manglares/results/01.fastqc/S4B3040_R1_fastqc.zip
[2024-02-20 20:38:19,639] multiqc                                            [INFO   ]  Search path : /axolote/diana/manglares/results/01.fastqc/S4B3040_R2_fastqc.zip
[2024-02-20 20:38:19,639] multiqc                                            [INFO   ]  Search path : /axolote/diana/manglares/results/01.fastqc/S4B5565_R1_fastqc.zip
[2024-02-20 20:38:19,639] multiqc                                            [INFO   ]  Search path : /axolote/diana/manglares/results/01.fastqc/S4B5565_R2_fastqc.zip
[2024-02-20 20:38:19,639] multiqc                                            [INFO   ]  Search path : /axolote/diana/manglares/results/01.fastqc/S5A07_R1_fastqc.zip
[2024-02-20 20:38:19,639] multiqc                                            [INFO   ]  Search path : /axolote/diana/manglares/results/01.fastqc/S5A07_R2_fastqc.zip
[2024-02-20 20:38:19,640] multiqc                                            [INFO   ]  Search path : /axolote/diana/manglares/results/01.fastqc/S5A1522_R1_fastqc.zip
[2024-02-20 20:38:19,640] multiqc                                            [INFO   ]  Search path : /axolote/diana/manglares/results/01.fastqc/S5A1522_R2_fastqc.zip
[2024-02-20 20:38:19,640] multiqc                                            [INFO   ]  Search path : /axolote/diana/manglares/results/01.fastqc/S5A3040_R1_fastqc.zip
[2024-02-20 20:38:19,640] multiqc                                            [INFO   ]  Search path : /axolote/diana/manglares/results/01.fastqc/S5A3040_R2_fastqc.zip
[2024-02-20 20:38:19,640] multiqc                                            [INFO   ]  Search path : /axolote/diana/manglares/results/01.fastqc/S5A5565_R1_fastqc.zip
[2024-02-20 20:38:19,640] multiqc                                            [INFO   ]  Search path : /axolote/diana/manglares/results/01.fastqc/S5A5565_R2_fastqc.zip
[2024-02-20 20:38:19,640] multiqc                                            [INFO   ]  Search path : /axolote/diana/manglares/results/01.fastqc/S5B07_R1_fastqc.zip
[2024-02-20 20:38:19,640] multiqc                                            [INFO   ]  Search path : /axolote/diana/manglares/results/01.fastqc/S5B07_R2_fastqc.zip
[2024-02-20 20:38:19,640] multiqc                                            [INFO   ]  Search path : /axolote/diana/manglares/results/01.fastqc/S5B1522_R1_fastqc.zip
[2024-02-20 20:38:19,640] multiqc                                            [INFO   ]  Search path : /axolote/diana/manglares/results/01.fastqc/S5B1522_R2_fastqc.zip
[2024-02-20 20:38:19,640] multiqc                                            [INFO   ]  Search path : /axolote/diana/manglares/results/01.fastqc/S5B3040_R1_fastqc.zip
[2024-02-20 20:38:19,640] multiqc                                            [INFO   ]  Search path : /axolote/diana/manglares/results/01.fastqc/S5B3040_R2_fastqc.zip
[2024-02-20 20:38:19,640] multiqc                                            [INFO   ]  Search path : /axolote/diana/manglares/results/01.fastqc/S5B5060_R1_fastqc.zip
[2024-02-20 20:38:19,640] multiqc                                            [INFO   ]  Search path : /axolote/diana/manglares/results/01.fastqc/S5B5060_R2_fastqc.zip
[2024-02-20 20:38:19,640] multiqc                                            [INFO   ]  Search path : /axolote/diana/manglares/results/01.fastqc/S6A07_R1_fastqc.zip
[2024-02-20 20:38:19,640] multiqc                                            [INFO   ]  Search path : /axolote/diana/manglares/results/01.fastqc/S6A07_R2_fastqc.zip
[2024-02-20 20:38:19,640] multiqc                                            [INFO   ]  Search path : /axolote/diana/manglares/results/01.fastqc/S6A1522_R1_fastqc.zip
[2024-02-20 20:38:19,641] multiqc                                            [INFO   ]  Search path : /axolote/diana/manglares/results/01.fastqc/S6A1522_R2_fastqc.zip
[2024-02-20 20:38:19,641] multiqc                                            [INFO   ]  Search path : /axolote/diana/manglares/results/01.fastqc/S6A3040_R1_fastqc.zip
[2024-02-20 20:38:19,641] multiqc                                            [INFO   ]  Search path : /axolote/diana/manglares/results/01.fastqc/S6A3040_R2_fastqc.zip
[2024-02-20 20:38:19,641] multiqc                                            [INFO   ]  Search path : /axolote/diana/manglares/results/01.fastqc/S6B07_R1_fastqc.zip
[2024-02-20 20:38:19,641] multiqc                                            [INFO   ]  Search path : /axolote/diana/manglares/results/01.fastqc/S6B07_R2_fastqc.zip
[2024-02-20 20:38:19,641] multiqc                                            [INFO   ]  Search path : /axolote/diana/manglares/results/01.fastqc/S6B1522_R1_fastqc.zip
[2024-02-20 20:38:19,641] multiqc                                            [INFO   ]  Search path : /axolote/diana/manglares/results/01.fastqc/S6B1522_R2_fastqc.zip
[2024-02-20 20:38:19,641] multiqc                                            [INFO   ]  Search path : /axolote/diana/manglares/results/01.fastqc/S6B3040_R1_fastqc.zip
[2024-02-20 20:38:19,641] multiqc                                            [INFO   ]  Search path : /axolote/diana/manglares/results/01.fastqc/S6B3040_R2_fastqc.zip
[2024-02-20 20:38:19,641] multiqc                                            [INFO   ]  Search path : /axolote/diana/manglares/results/01.fastqc/S7A07_R1_fastqc.zip
[2024-02-20 20:38:19,641] multiqc                                            [INFO   ]  Search path : /axolote/diana/manglares/results/01.fastqc/S7A07_R2_fastqc.zip
[2024-02-20 20:38:19,641] multiqc                                            [INFO   ]  Search path : /axolote/diana/manglares/results/01.fastqc/S7A1522_R1_fastqc.zip
[2024-02-20 20:38:19,641] multiqc                                            [INFO   ]  Search path : /axolote/diana/manglares/results/01.fastqc/S7A1522_R2_fastqc.zip
[2024-02-20 20:38:19,642] multiqc                                            [INFO   ]  Search path : /axolote/diana/manglares/results/01.fastqc/S7A3040_R1_fastqc.zip
[2024-02-20 20:38:19,642] multiqc                                            [INFO   ]  Search path : /axolote/diana/manglares/results/01.fastqc/S7A3040_R2_fastqc.zip
[2024-02-20 20:38:19,642] multiqc                                            [INFO   ]  Search path : /axolote/diana/manglares/results/01.fastqc/S7A5060_R1_fastqc.zip
[2024-02-20 20:38:19,642] multiqc                                            [INFO   ]  Search path : /axolote/diana/manglares/results/01.fastqc/S7A5060_R2_fastqc.zip
[2024-02-20 20:38:19,642] multiqc                                            [INFO   ]  Search path : /axolote/diana/manglares/results/01.fastqc/S7B07_R1_fastqc.zip
[2024-02-20 20:38:19,642] multiqc                                            [INFO   ]  Search path : /axolote/diana/manglares/results/01.fastqc/S7B07_R2_fastqc.zip
[2024-02-20 20:38:19,642] multiqc                                            [INFO   ]  Search path : /axolote/diana/manglares/results/01.fastqc/S7B1522_R1_fastqc.zip
[2024-02-20 20:38:19,642] multiqc                                            [INFO   ]  Search path : /axolote/diana/manglares/results/01.fastqc/S7B1522_R2_fastqc.zip
[2024-02-20 20:38:19,642] multiqc                                            [INFO   ]  Search path : /axolote/diana/manglares/results/01.fastqc/S7B5060_R1_fastqc.zip
[2024-02-20 20:38:19,642] multiqc                                            [INFO   ]  Search path : /axolote/diana/manglares/results/01.fastqc/S7B5060_R2_fastqc.zip
[2024-02-20 20:38:20,034] multiqc.plots.linegraph                            [DEBUG  ]  Using matplotlib version 3.6.2
[2024-02-20 20:38:20,035] multiqc.plots.bargraph                             [DEBUG  ]  Using matplotlib version 3.6.2
[2024-02-20 20:38:21,014] multiqc.modules.fastqc.fastqc                      [INFO   ]  Found 96 reports
[2024-02-20 20:38:22,610] multiqc                                            [INFO   ]  Compressing plot data
[2024-02-20 20:38:23,703] multiqc                                            [INFO   ]  Report      : results/01.fastqc/multiqc/multiqc_report.html
[2024-02-20 20:38:23,704] multiqc                                            [INFO   ]  Data        : results/01.fastqc/multiqc/multiqc_data
[2024-02-20 20:38:23,704] multiqc                                            [DEBUG  ]  Moving data file from '/tmp/tmpj_b3vqk8/multiqc_data' to 'results/01.fastqc/multiqc/multiqc_data'
[2024-02-20 20:38:23,798] multiqc                                            [INFO   ]  MultiQC complete
