[2024-02-27 14:10:09,848] multiqc                                            [DEBUG  ]  This is MultiQC v1.12
[2024-02-27 14:10:09,848] multiqc                                            [DEBUG  ]  No MultiQC config found: /usr/lib/python3/dist-packages/multiqc_config.yaml
[2024-02-27 14:10:09,848] multiqc                                            [DEBUG  ]  No MultiQC config found: /axolote/diana/.multiqc_config.yaml
[2024-02-27 14:10:09,848] multiqc                                            [DEBUG  ]  No MultiQC config found: multiqc_config.yaml
[2024-02-27 14:10:09,848] multiqc                                            [DEBUG  ]  Command used: /axolote/diana/.local/bin/multiqc results/02.cutadapt/fastqc/S1A015_1_fastqc.zip results/02.cutadapt/fastqc/S1A015_2_fastqc.zip results/02.cutadapt/fastqc/S1A1530_1_fastqc.zip results/02.cutadapt/fastqc/S1A1530_2_fastqc.zip results/02.cutadapt/fastqc/S1A3050_1_fastqc.zip results/02.cutadapt/fastqc/S1A3050_2_fastqc.zip results/02.cutadapt/fastqc/S1A5075_1_fastqc.zip results/02.cutadapt/fastqc/S1A5075_2_fastqc.zip results/02.cutadapt/fastqc/S1B07_1_fastqc.zip results/02.cutadapt/fastqc/S1B07_2_fastqc.zip results/02.cutadapt/fastqc/S1B2230_1_fastqc.zip results/02.cutadapt/fastqc/S1B2230_2_fastqc.zip results/02.cutadapt/fastqc/S1B3040_1_fastqc.zip results/02.cutadapt/fastqc/S1B3040_2_fastqc.zip results/02.cutadapt/fastqc/S1B6575_1_fastqc.zip results/02.cutadapt/fastqc/S1B6575_2_fastqc.zip results/02.cutadapt/fastqc/S2A1727_1_fastqc.zip results/02.cutadapt/fastqc/S2A1727_2_fastqc.zip results/02.cutadapt/fastqc/S2A3545_1_fastqc.zip results/02.cutadapt/fastqc/S2A3545_2_fastqc.zip results/02.cutadapt/fastqc/S2A5060_1_fastqc.zip results/02.cutadapt/fastqc/S2A5060_2_fastqc.zip results/02.cutadapt/fastqc/S2A515_1_fastqc.zip results/02.cutadapt/fastqc/S2A515_2_fastqc.zip results/02.cutadapt/fastqc/S2B07_1_fastqc.zip results/02.cutadapt/fastqc/S2B07_2_fastqc.zip results/02.cutadapt/fastqc/S2B1522_1_fastqc.zip results/02.cutadapt/fastqc/S2B1522_2_fastqc.zip results/02.cutadapt/fastqc/S2B3040_1_fastqc.zip results/02.cutadapt/fastqc/S2B3040_2_fastqc.zip results/02.cutadapt/fastqc/S2B5565_1_fastqc.zip results/02.cutadapt/fastqc/S2B5565_2_fastqc.zip results/02.cutadapt/fastqc/S3A07_1_fastqc.zip results/02.cutadapt/fastqc/S3A07_2_fastqc.zip results/02.cutadapt/fastqc/S3A1522_1_fastqc.zip results/02.cutadapt/fastqc/S3A1522_2_fastqc.zip results/02.cutadapt/fastqc/S3A3040_1_fastqc.zip results/02.cutadapt/fastqc/S3A3040_2_fastqc.zip results/02.cutadapt/fastqc/S3A6070_1_fastqc.zip results/02.cutadapt/fastqc/S3A6070_2_fastqc.zip results/02.cutadapt/fastqc/S3B2030_1_fastqc.zip results/02.cutadapt/fastqc/S3B2030_2_fastqc.zip results/02.cutadapt/fastqc/S3B3545_1_fastqc.zip results/02.cutadapt/fastqc/S3B3545_2_fastqc.zip results/02.cutadapt/fastqc/S3B6070_1_fastqc.zip results/02.cutadapt/fastqc/S3B6070_2_fastqc.zip results/02.cutadapt/fastqc/S4B07_1_fastqc.zip results/02.cutadapt/fastqc/S4B07_2_fastqc.zip results/02.cutadapt/fastqc/S4B1522_1_fastqc.zip results/02.cutadapt/fastqc/S4B1522_2_fastqc.zip results/02.cutadapt/fastqc/S4B3040_1_fastqc.zip results/02.cutadapt/fastqc/S4B3040_2_fastqc.zip results/02.cutadapt/fastqc/S4B5565_1_fastqc.zip results/02.cutadapt/fastqc/S4B5565_2_fastqc.zip results/02.cutadapt/fastqc/S5A07_1_fastqc.zip results/02.cutadapt/fastqc/S5A07_2_fastqc.zip results/02.cutadapt/fastqc/S5A1522_1_fastqc.zip results/02.cutadapt/fastqc/S5A1522_2_fastqc.zip results/02.cutadapt/fastqc/S5A3040_1_fastqc.zip results/02.cutadapt/fastqc/S5A3040_2_fastqc.zip results/02.cutadapt/fastqc/S5A5565_1_fastqc.zip results/02.cutadapt/fastqc/S5A5565_2_fastqc.zip results/02.cutadapt/fastqc/S5B07_1_fastqc.zip results/02.cutadapt/fastqc/S5B07_2_fastqc.zip results/02.cutadapt/fastqc/S5B1522_1_fastqc.zip results/02.cutadapt/fastqc/S5B1522_2_fastqc.zip results/02.cutadapt/fastqc/S5B3040_1_fastqc.zip results/02.cutadapt/fastqc/S5B3040_2_fastqc.zip results/02.cutadapt/fastqc/S5B5060_1_fastqc.zip results/02.cutadapt/fastqc/S5B5060_2_fastqc.zip results/02.cutadapt/fastqc/S6A07_1_fastqc.zip results/02.cutadapt/fastqc/S6A07_2_fastqc.zip results/02.cutadapt/fastqc/S6A1522_1_fastqc.zip results/02.cutadapt/fastqc/S6A1522_2_fastqc.zip results/02.cutadapt/fastqc/S6A3040_1_fastqc.zip results/02.cutadapt/fastqc/S6A3040_2_fastqc.zip results/02.cutadapt/fastqc/S6B07_1_fastqc.zip results/02.cutadapt/fastqc/S6B07_2_fastqc.zip results/02.cutadapt/fastqc/S6B1522_1_fastqc.zip results/02.cutadapt/fastqc/S6B1522_2_fastqc.zip results/02.cutadapt/fastqc/S6B3040_1_fastqc.zip results/02.cutadapt/fastqc/S6B3040_2_fastqc.zip results/02.cutadapt/fastqc/S7A07_1_fastqc.zip results/02.cutadapt/fastqc/S7A07_2_fastqc.zip results/02.cutadapt/fastqc/S7A1522_1_fastqc.zip results/02.cutadapt/fastqc/S7A1522_2_fastqc.zip results/02.cutadapt/fastqc/S7A3040_1_fastqc.zip results/02.cutadapt/fastqc/S7A3040_2_fastqc.zip results/02.cutadapt/fastqc/S7A5060_1_fastqc.zip results/02.cutadapt/fastqc/S7A5060_2_fastqc.zip results/02.cutadapt/fastqc/S7B07_1_fastqc.zip results/02.cutadapt/fastqc/S7B07_2_fastqc.zip results/02.cutadapt/fastqc/S7B1522_1_fastqc.zip results/02.cutadapt/fastqc/S7B1522_2_fastqc.zip results/02.cutadapt/fastqc/S7B5060_1_fastqc.zip results/02.cutadapt/fastqc/S7B5060_2_fastqc.zip -o results/02.cutadapt/multiqc
[2024-02-27 14:10:10,885] multiqc                                            [WARNING]  MultiQC Version v1.20 now available!
[2024-02-27 14:10:10,885] multiqc                                            [DEBUG  ]  Command     : /axolote/diana/.local/bin/multiqc results/02.cutadapt/fastqc/S1A015_1_fastqc.zip results/02.cutadapt/fastqc/S1A015_2_fastqc.zip results/02.cutadapt/fastqc/S1A1530_1_fastqc.zip results/02.cutadapt/fastqc/S1A1530_2_fastqc.zip results/02.cutadapt/fastqc/S1A3050_1_fastqc.zip results/02.cutadapt/fastqc/S1A3050_2_fastqc.zip results/02.cutadapt/fastqc/S1A5075_1_fastqc.zip results/02.cutadapt/fastqc/S1A5075_2_fastqc.zip results/02.cutadapt/fastqc/S1B07_1_fastqc.zip results/02.cutadapt/fastqc/S1B07_2_fastqc.zip results/02.cutadapt/fastqc/S1B2230_1_fastqc.zip results/02.cutadapt/fastqc/S1B2230_2_fastqc.zip results/02.cutadapt/fastqc/S1B3040_1_fastqc.zip results/02.cutadapt/fastqc/S1B3040_2_fastqc.zip results/02.cutadapt/fastqc/S1B6575_1_fastqc.zip results/02.cutadapt/fastqc/S1B6575_2_fastqc.zip results/02.cutadapt/fastqc/S2A1727_1_fastqc.zip results/02.cutadapt/fastqc/S2A1727_2_fastqc.zip results/02.cutadapt/fastqc/S2A3545_1_fastqc.zip results/02.cutadapt/fastqc/S2A3545_2_fastqc.zip results/02.cutadapt/fastqc/S2A5060_1_fastqc.zip results/02.cutadapt/fastqc/S2A5060_2_fastqc.zip results/02.cutadapt/fastqc/S2A515_1_fastqc.zip results/02.cutadapt/fastqc/S2A515_2_fastqc.zip results/02.cutadapt/fastqc/S2B07_1_fastqc.zip results/02.cutadapt/fastqc/S2B07_2_fastqc.zip results/02.cutadapt/fastqc/S2B1522_1_fastqc.zip results/02.cutadapt/fastqc/S2B1522_2_fastqc.zip results/02.cutadapt/fastqc/S2B3040_1_fastqc.zip results/02.cutadapt/fastqc/S2B3040_2_fastqc.zip results/02.cutadapt/fastqc/S2B5565_1_fastqc.zip results/02.cutadapt/fastqc/S2B5565_2_fastqc.zip results/02.cutadapt/fastqc/S3A07_1_fastqc.zip results/02.cutadapt/fastqc/S3A07_2_fastqc.zip results/02.cutadapt/fastqc/S3A1522_1_fastqc.zip results/02.cutadapt/fastqc/S3A1522_2_fastqc.zip results/02.cutadapt/fastqc/S3A3040_1_fastqc.zip results/02.cutadapt/fastqc/S3A3040_2_fastqc.zip results/02.cutadapt/fastqc/S3A6070_1_fastqc.zip results/02.cutadapt/fastqc/S3A6070_2_fastqc.zip results/02.cutadapt/fastqc/S3B2030_1_fastqc.zip results/02.cutadapt/fastqc/S3B2030_2_fastqc.zip results/02.cutadapt/fastqc/S3B3545_1_fastqc.zip results/02.cutadapt/fastqc/S3B3545_2_fastqc.zip results/02.cutadapt/fastqc/S3B6070_1_fastqc.zip results/02.cutadapt/fastqc/S3B6070_2_fastqc.zip results/02.cutadapt/fastqc/S4B07_1_fastqc.zip results/02.cutadapt/fastqc/S4B07_2_fastqc.zip results/02.cutadapt/fastqc/S4B1522_1_fastqc.zip results/02.cutadapt/fastqc/S4B1522_2_fastqc.zip results/02.cutadapt/fastqc/S4B3040_1_fastqc.zip results/02.cutadapt/fastqc/S4B3040_2_fastqc.zip results/02.cutadapt/fastqc/S4B5565_1_fastqc.zip results/02.cutadapt/fastqc/S4B5565_2_fastqc.zip results/02.cutadapt/fastqc/S5A07_1_fastqc.zip results/02.cutadapt/fastqc/S5A07_2_fastqc.zip results/02.cutadapt/fastqc/S5A1522_1_fastqc.zip results/02.cutadapt/fastqc/S5A1522_2_fastqc.zip results/02.cutadapt/fastqc/S5A3040_1_fastqc.zip results/02.cutadapt/fastqc/S5A3040_2_fastqc.zip results/02.cutadapt/fastqc/S5A5565_1_fastqc.zip results/02.cutadapt/fastqc/S5A5565_2_fastqc.zip results/02.cutadapt/fastqc/S5B07_1_fastqc.zip results/02.cutadapt/fastqc/S5B07_2_fastqc.zip results/02.cutadapt/fastqc/S5B1522_1_fastqc.zip results/02.cutadapt/fastqc/S5B1522_2_fastqc.zip results/02.cutadapt/fastqc/S5B3040_1_fastqc.zip results/02.cutadapt/fastqc/S5B3040_2_fastqc.zip results/02.cutadapt/fastqc/S5B5060_1_fastqc.zip results/02.cutadapt/fastqc/S5B5060_2_fastqc.zip results/02.cutadapt/fastqc/S6A07_1_fastqc.zip results/02.cutadapt/fastqc/S6A07_2_fastqc.zip results/02.cutadapt/fastqc/S6A1522_1_fastqc.zip results/02.cutadapt/fastqc/S6A1522_2_fastqc.zip results/02.cutadapt/fastqc/S6A3040_1_fastqc.zip results/02.cutadapt/fastqc/S6A3040_2_fastqc.zip results/02.cutadapt/fastqc/S6B07_1_fastqc.zip results/02.cutadapt/fastqc/S6B07_2_fastqc.zip results/02.cutadapt/fastqc/S6B1522_1_fastqc.zip results/02.cutadapt/fastqc/S6B1522_2_fastqc.zip results/02.cutadapt/fastqc/S6B3040_1_fastqc.zip results/02.cutadapt/fastqc/S6B3040_2_fastqc.zip results/02.cutadapt/fastqc/S7A07_1_fastqc.zip results/02.cutadapt/fastqc/S7A07_2_fastqc.zip results/02.cutadapt/fastqc/S7A1522_1_fastqc.zip results/02.cutadapt/fastqc/S7A1522_2_fastqc.zip results/02.cutadapt/fastqc/S7A3040_1_fastqc.zip results/02.cutadapt/fastqc/S7A3040_2_fastqc.zip results/02.cutadapt/fastqc/S7A5060_1_fastqc.zip results/02.cutadapt/fastqc/S7A5060_2_fastqc.zip results/02.cutadapt/fastqc/S7B07_1_fastqc.zip results/02.cutadapt/fastqc/S7B07_2_fastqc.zip results/02.cutadapt/fastqc/S7B1522_1_fastqc.zip results/02.cutadapt/fastqc/S7B1522_2_fastqc.zip results/02.cutadapt/fastqc/S7B5060_1_fastqc.zip results/02.cutadapt/fastqc/S7B5060_2_fastqc.zip -o results/02.cutadapt/multiqc
[2024-02-27 14:10:10,885] multiqc                                            [DEBUG  ]  Working dir : /axolote/diana/manglares
[2024-02-27 14:10:10,885] multiqc                                            [DEBUG  ]  Template    : default
[2024-02-27 14:10:10,885] multiqc                                            [DEBUG  ]  Running Python 3.10.12 (main, Nov 20 2023, 15:14:05) [GCC 11.4.0]
[2024-02-27 14:10:10,886] multiqc                                            [DEBUG  ]  Analysing modules: custom_content, ccs, ngsderive, purple, conpair, lima, peddy, somalier, methylQA, mosdepth, phantompeakqualtools, qualimap, preseq, quast, qorts, rna_seqc, rockhopper, rsem, rseqc, busco, bustools, goleft_indexcov, gffcompare, disambiguate, supernova, deeptools, sargasso, verifybamid, mirtrace, happy, mirtop, sambamba, homer, hops, macs2, theta2, snpeff, gatk, htseq, bcftools, featureCounts, fgbio, dragen, dedup, pbmarkdup, damageprofiler, biobambam2, jcvi, mtnucratio, picard, vep, sentieon, prokka, qc3C, nanostat, samblaster, samtools, sexdeterrmine, eigenstratdatabasetools, bamtools, jellyfish, vcftools, longranger, stacks, varscan2, snippy, bbmap, bismark, biscuit, hicexplorer, hicup, hicpro, salmon, kallisto, slamdunk, star, hisat2, tophat, bowtie2, bowtie1, snpsplit, odgi, pangolin, kat, leehom, adapterRemoval, clipandmerge, cutadapt, flexbar, kaiju, kraken, malt, trimmomatic, sickle, skewer, sortmerna, biobloomtools, fastq_screen, afterqc, fastp, fastqc, pychopper, pycoqc, minionqc, multivcfanalyzer, clusterflow, checkqc, bcl2fastq, bclconvert, interop, ivar, flash, seqyclean, optitype, whatshap
[2024-02-27 14:10:10,886] multiqc                                            [DEBUG  ]  Using temporary directory for creating report: /tmp/tmpnxc4xlza
[2024-02-27 14:10:10,888] multiqc                                            [INFO   ]  Search path : /axolote/diana/manglares/results/02.cutadapt/fastqc/S1A015_1_fastqc.zip
[2024-02-27 14:10:10,888] multiqc                                            [INFO   ]  Search path : /axolote/diana/manglares/results/02.cutadapt/fastqc/S1A015_2_fastqc.zip
[2024-02-27 14:10:10,889] multiqc                                            [INFO   ]  Search path : /axolote/diana/manglares/results/02.cutadapt/fastqc/S1A1530_1_fastqc.zip
[2024-02-27 14:10:10,889] multiqc                                            [INFO   ]  Search path : /axolote/diana/manglares/results/02.cutadapt/fastqc/S1A1530_2_fastqc.zip
[2024-02-27 14:10:10,889] multiqc                                            [INFO   ]  Search path : /axolote/diana/manglares/results/02.cutadapt/fastqc/S1A3050_1_fastqc.zip
[2024-02-27 14:10:10,889] multiqc                                            [INFO   ]  Search path : /axolote/diana/manglares/results/02.cutadapt/fastqc/S1A3050_2_fastqc.zip
[2024-02-27 14:10:10,889] multiqc                                            [INFO   ]  Search path : /axolote/diana/manglares/results/02.cutadapt/fastqc/S1A5075_1_fastqc.zip
[2024-02-27 14:10:10,889] multiqc                                            [INFO   ]  Search path : /axolote/diana/manglares/results/02.cutadapt/fastqc/S1A5075_2_fastqc.zip
[2024-02-27 14:10:10,889] multiqc                                            [INFO   ]  Search path : /axolote/diana/manglares/results/02.cutadapt/fastqc/S1B07_1_fastqc.zip
[2024-02-27 14:10:10,889] multiqc                                            [INFO   ]  Search path : /axolote/diana/manglares/results/02.cutadapt/fastqc/S1B07_2_fastqc.zip
[2024-02-27 14:10:10,889] multiqc                                            [INFO   ]  Search path : /axolote/diana/manglares/results/02.cutadapt/fastqc/S1B2230_1_fastqc.zip
[2024-02-27 14:10:10,890] multiqc                                            [INFO   ]  Search path : /axolote/diana/manglares/results/02.cutadapt/fastqc/S1B2230_2_fastqc.zip
[2024-02-27 14:10:10,890] multiqc                                            [INFO   ]  Search path : /axolote/diana/manglares/results/02.cutadapt/fastqc/S1B3040_1_fastqc.zip
[2024-02-27 14:10:10,890] multiqc                                            [INFO   ]  Search path : /axolote/diana/manglares/results/02.cutadapt/fastqc/S1B3040_2_fastqc.zip
[2024-02-27 14:10:10,890] multiqc                                            [INFO   ]  Search path : /axolote/diana/manglares/results/02.cutadapt/fastqc/S1B6575_1_fastqc.zip
[2024-02-27 14:10:10,890] multiqc                                            [INFO   ]  Search path : /axolote/diana/manglares/results/02.cutadapt/fastqc/S1B6575_2_fastqc.zip
[2024-02-27 14:10:10,890] multiqc                                            [INFO   ]  Search path : /axolote/diana/manglares/results/02.cutadapt/fastqc/S2A1727_1_fastqc.zip
[2024-02-27 14:10:10,890] multiqc                                            [INFO   ]  Search path : /axolote/diana/manglares/results/02.cutadapt/fastqc/S2A1727_2_fastqc.zip
[2024-02-27 14:10:10,890] multiqc                                            [INFO   ]  Search path : /axolote/diana/manglares/results/02.cutadapt/fastqc/S2A3545_1_fastqc.zip
[2024-02-27 14:10:10,890] multiqc                                            [INFO   ]  Search path : /axolote/diana/manglares/results/02.cutadapt/fastqc/S2A3545_2_fastqc.zip
[2024-02-27 14:10:10,890] multiqc                                            [INFO   ]  Search path : /axolote/diana/manglares/results/02.cutadapt/fastqc/S2A5060_1_fastqc.zip
[2024-02-27 14:10:10,890] multiqc                                            [INFO   ]  Search path : /axolote/diana/manglares/results/02.cutadapt/fastqc/S2A5060_2_fastqc.zip
[2024-02-27 14:10:10,891] multiqc                                            [INFO   ]  Search path : /axolote/diana/manglares/results/02.cutadapt/fastqc/S2A515_1_fastqc.zip
[2024-02-27 14:10:10,891] multiqc                                            [INFO   ]  Search path : /axolote/diana/manglares/results/02.cutadapt/fastqc/S2A515_2_fastqc.zip
[2024-02-27 14:10:10,891] multiqc                                            [INFO   ]  Search path : /axolote/diana/manglares/results/02.cutadapt/fastqc/S2B07_1_fastqc.zip
[2024-02-27 14:10:10,891] multiqc                                            [INFO   ]  Search path : /axolote/diana/manglares/results/02.cutadapt/fastqc/S2B07_2_fastqc.zip
[2024-02-27 14:10:10,891] multiqc                                            [INFO   ]  Search path : /axolote/diana/manglares/results/02.cutadapt/fastqc/S2B1522_1_fastqc.zip
[2024-02-27 14:10:10,891] multiqc                                            [INFO   ]  Search path : /axolote/diana/manglares/results/02.cutadapt/fastqc/S2B1522_2_fastqc.zip
[2024-02-27 14:10:10,891] multiqc                                            [INFO   ]  Search path : /axolote/diana/manglares/results/02.cutadapt/fastqc/S2B3040_1_fastqc.zip
[2024-02-27 14:10:10,891] multiqc                                            [INFO   ]  Search path : /axolote/diana/manglares/results/02.cutadapt/fastqc/S2B3040_2_fastqc.zip
[2024-02-27 14:10:10,891] multiqc                                            [INFO   ]  Search path : /axolote/diana/manglares/results/02.cutadapt/fastqc/S2B5565_1_fastqc.zip
[2024-02-27 14:10:10,891] multiqc                                            [INFO   ]  Search path : /axolote/diana/manglares/results/02.cutadapt/fastqc/S2B5565_2_fastqc.zip
[2024-02-27 14:10:10,891] multiqc                                            [INFO   ]  Search path : /axolote/diana/manglares/results/02.cutadapt/fastqc/S3A07_1_fastqc.zip
[2024-02-27 14:10:10,892] multiqc                                            [INFO   ]  Search path : /axolote/diana/manglares/results/02.cutadapt/fastqc/S3A07_2_fastqc.zip
[2024-02-27 14:10:10,892] multiqc                                            [INFO   ]  Search path : /axolote/diana/manglares/results/02.cutadapt/fastqc/S3A1522_1_fastqc.zip
[2024-02-27 14:10:10,892] multiqc                                            [INFO   ]  Search path : /axolote/diana/manglares/results/02.cutadapt/fastqc/S3A1522_2_fastqc.zip
[2024-02-27 14:10:10,892] multiqc                                            [INFO   ]  Search path : /axolote/diana/manglares/results/02.cutadapt/fastqc/S3A3040_1_fastqc.zip
[2024-02-27 14:10:10,892] multiqc                                            [INFO   ]  Search path : /axolote/diana/manglares/results/02.cutadapt/fastqc/S3A3040_2_fastqc.zip
[2024-02-27 14:10:10,892] multiqc                                            [INFO   ]  Search path : /axolote/diana/manglares/results/02.cutadapt/fastqc/S3A6070_1_fastqc.zip
[2024-02-27 14:10:10,892] multiqc                                            [INFO   ]  Search path : /axolote/diana/manglares/results/02.cutadapt/fastqc/S3A6070_2_fastqc.zip
[2024-02-27 14:10:10,892] multiqc                                            [INFO   ]  Search path : /axolote/diana/manglares/results/02.cutadapt/fastqc/S3B2030_1_fastqc.zip
[2024-02-27 14:10:10,892] multiqc                                            [INFO   ]  Search path : /axolote/diana/manglares/results/02.cutadapt/fastqc/S3B2030_2_fastqc.zip
[2024-02-27 14:10:10,892] multiqc                                            [INFO   ]  Search path : /axolote/diana/manglares/results/02.cutadapt/fastqc/S3B3545_1_fastqc.zip
[2024-02-27 14:10:10,893] multiqc                                            [INFO   ]  Search path : /axolote/diana/manglares/results/02.cutadapt/fastqc/S3B3545_2_fastqc.zip
[2024-02-27 14:10:10,893] multiqc                                            [INFO   ]  Search path : /axolote/diana/manglares/results/02.cutadapt/fastqc/S3B6070_1_fastqc.zip
[2024-02-27 14:10:10,893] multiqc                                            [INFO   ]  Search path : /axolote/diana/manglares/results/02.cutadapt/fastqc/S3B6070_2_fastqc.zip
[2024-02-27 14:10:10,893] multiqc                                            [INFO   ]  Search path : /axolote/diana/manglares/results/02.cutadapt/fastqc/S4B07_1_fastqc.zip
[2024-02-27 14:10:10,893] multiqc                                            [INFO   ]  Search path : /axolote/diana/manglares/results/02.cutadapt/fastqc/S4B07_2_fastqc.zip
[2024-02-27 14:10:10,893] multiqc                                            [INFO   ]  Search path : /axolote/diana/manglares/results/02.cutadapt/fastqc/S4B1522_1_fastqc.zip
[2024-02-27 14:10:10,893] multiqc                                            [INFO   ]  Search path : /axolote/diana/manglares/results/02.cutadapt/fastqc/S4B1522_2_fastqc.zip
[2024-02-27 14:10:10,893] multiqc                                            [INFO   ]  Search path : /axolote/diana/manglares/results/02.cutadapt/fastqc/S4B3040_1_fastqc.zip
[2024-02-27 14:10:10,893] multiqc                                            [INFO   ]  Search path : /axolote/diana/manglares/results/02.cutadapt/fastqc/S4B3040_2_fastqc.zip
[2024-02-27 14:10:10,893] multiqc                                            [INFO   ]  Search path : /axolote/diana/manglares/results/02.cutadapt/fastqc/S4B5565_1_fastqc.zip
[2024-02-27 14:10:10,893] multiqc                                            [INFO   ]  Search path : /axolote/diana/manglares/results/02.cutadapt/fastqc/S4B5565_2_fastqc.zip
[2024-02-27 14:10:10,894] multiqc                                            [INFO   ]  Search path : /axolote/diana/manglares/results/02.cutadapt/fastqc/S5A07_1_fastqc.zip
[2024-02-27 14:10:10,894] multiqc                                            [INFO   ]  Search path : /axolote/diana/manglares/results/02.cutadapt/fastqc/S5A07_2_fastqc.zip
[2024-02-27 14:10:10,894] multiqc                                            [INFO   ]  Search path : /axolote/diana/manglares/results/02.cutadapt/fastqc/S5A1522_1_fastqc.zip
[2024-02-27 14:10:10,894] multiqc                                            [INFO   ]  Search path : /axolote/diana/manglares/results/02.cutadapt/fastqc/S5A1522_2_fastqc.zip
[2024-02-27 14:10:10,894] multiqc                                            [INFO   ]  Search path : /axolote/diana/manglares/results/02.cutadapt/fastqc/S5A3040_1_fastqc.zip
[2024-02-27 14:10:10,894] multiqc                                            [INFO   ]  Search path : /axolote/diana/manglares/results/02.cutadapt/fastqc/S5A3040_2_fastqc.zip
[2024-02-27 14:10:10,894] multiqc                                            [INFO   ]  Search path : /axolote/diana/manglares/results/02.cutadapt/fastqc/S5A5565_1_fastqc.zip
[2024-02-27 14:10:10,894] multiqc                                            [INFO   ]  Search path : /axolote/diana/manglares/results/02.cutadapt/fastqc/S5A5565_2_fastqc.zip
[2024-02-27 14:10:10,894] multiqc                                            [INFO   ]  Search path : /axolote/diana/manglares/results/02.cutadapt/fastqc/S5B07_1_fastqc.zip
[2024-02-27 14:10:10,894] multiqc                                            [INFO   ]  Search path : /axolote/diana/manglares/results/02.cutadapt/fastqc/S5B07_2_fastqc.zip
[2024-02-27 14:10:10,895] multiqc                                            [INFO   ]  Search path : /axolote/diana/manglares/results/02.cutadapt/fastqc/S5B1522_1_fastqc.zip
[2024-02-27 14:10:10,895] multiqc                                            [INFO   ]  Search path : /axolote/diana/manglares/results/02.cutadapt/fastqc/S5B1522_2_fastqc.zip
[2024-02-27 14:10:10,895] multiqc                                            [INFO   ]  Search path : /axolote/diana/manglares/results/02.cutadapt/fastqc/S5B3040_1_fastqc.zip
[2024-02-27 14:10:10,895] multiqc                                            [INFO   ]  Search path : /axolote/diana/manglares/results/02.cutadapt/fastqc/S5B3040_2_fastqc.zip
[2024-02-27 14:10:10,895] multiqc                                            [INFO   ]  Search path : /axolote/diana/manglares/results/02.cutadapt/fastqc/S5B5060_1_fastqc.zip
[2024-02-27 14:10:10,895] multiqc                                            [INFO   ]  Search path : /axolote/diana/manglares/results/02.cutadapt/fastqc/S5B5060_2_fastqc.zip
[2024-02-27 14:10:10,895] multiqc                                            [INFO   ]  Search path : /axolote/diana/manglares/results/02.cutadapt/fastqc/S6A07_1_fastqc.zip
[2024-02-27 14:10:10,895] multiqc                                            [INFO   ]  Search path : /axolote/diana/manglares/results/02.cutadapt/fastqc/S6A07_2_fastqc.zip
[2024-02-27 14:10:10,895] multiqc                                            [INFO   ]  Search path : /axolote/diana/manglares/results/02.cutadapt/fastqc/S6A1522_1_fastqc.zip
[2024-02-27 14:10:10,895] multiqc                                            [INFO   ]  Search path : /axolote/diana/manglares/results/02.cutadapt/fastqc/S6A1522_2_fastqc.zip
[2024-02-27 14:10:10,895] multiqc                                            [INFO   ]  Search path : /axolote/diana/manglares/results/02.cutadapt/fastqc/S6A3040_1_fastqc.zip
[2024-02-27 14:10:10,896] multiqc                                            [INFO   ]  Search path : /axolote/diana/manglares/results/02.cutadapt/fastqc/S6A3040_2_fastqc.zip
[2024-02-27 14:10:10,896] multiqc                                            [INFO   ]  Search path : /axolote/diana/manglares/results/02.cutadapt/fastqc/S6B07_1_fastqc.zip
[2024-02-27 14:10:10,896] multiqc                                            [INFO   ]  Search path : /axolote/diana/manglares/results/02.cutadapt/fastqc/S6B07_2_fastqc.zip
[2024-02-27 14:10:10,896] multiqc                                            [INFO   ]  Search path : /axolote/diana/manglares/results/02.cutadapt/fastqc/S6B1522_1_fastqc.zip
[2024-02-27 14:10:10,896] multiqc                                            [INFO   ]  Search path : /axolote/diana/manglares/results/02.cutadapt/fastqc/S6B1522_2_fastqc.zip
[2024-02-27 14:10:10,896] multiqc                                            [INFO   ]  Search path : /axolote/diana/manglares/results/02.cutadapt/fastqc/S6B3040_1_fastqc.zip
[2024-02-27 14:10:10,896] multiqc                                            [INFO   ]  Search path : /axolote/diana/manglares/results/02.cutadapt/fastqc/S6B3040_2_fastqc.zip
[2024-02-27 14:10:10,896] multiqc                                            [INFO   ]  Search path : /axolote/diana/manglares/results/02.cutadapt/fastqc/S7A07_1_fastqc.zip
[2024-02-27 14:10:10,896] multiqc                                            [INFO   ]  Search path : /axolote/diana/manglares/results/02.cutadapt/fastqc/S7A07_2_fastqc.zip
[2024-02-27 14:10:10,896] multiqc                                            [INFO   ]  Search path : /axolote/diana/manglares/results/02.cutadapt/fastqc/S7A1522_1_fastqc.zip
[2024-02-27 14:10:10,896] multiqc                                            [INFO   ]  Search path : /axolote/diana/manglares/results/02.cutadapt/fastqc/S7A1522_2_fastqc.zip
[2024-02-27 14:10:10,897] multiqc                                            [INFO   ]  Search path : /axolote/diana/manglares/results/02.cutadapt/fastqc/S7A3040_1_fastqc.zip
[2024-02-27 14:10:10,897] multiqc                                            [INFO   ]  Search path : /axolote/diana/manglares/results/02.cutadapt/fastqc/S7A3040_2_fastqc.zip
[2024-02-27 14:10:10,897] multiqc                                            [INFO   ]  Search path : /axolote/diana/manglares/results/02.cutadapt/fastqc/S7A5060_1_fastqc.zip
[2024-02-27 14:10:10,897] multiqc                                            [INFO   ]  Search path : /axolote/diana/manglares/results/02.cutadapt/fastqc/S7A5060_2_fastqc.zip
[2024-02-27 14:10:10,897] multiqc                                            [INFO   ]  Search path : /axolote/diana/manglares/results/02.cutadapt/fastqc/S7B07_1_fastqc.zip
[2024-02-27 14:10:10,897] multiqc                                            [INFO   ]  Search path : /axolote/diana/manglares/results/02.cutadapt/fastqc/S7B07_2_fastqc.zip
[2024-02-27 14:10:10,897] multiqc                                            [INFO   ]  Search path : /axolote/diana/manglares/results/02.cutadapt/fastqc/S7B1522_1_fastqc.zip
[2024-02-27 14:10:10,897] multiqc                                            [INFO   ]  Search path : /axolote/diana/manglares/results/02.cutadapt/fastqc/S7B1522_2_fastqc.zip
[2024-02-27 14:10:10,897] multiqc                                            [INFO   ]  Search path : /axolote/diana/manglares/results/02.cutadapt/fastqc/S7B5060_1_fastqc.zip
[2024-02-27 14:10:10,897] multiqc                                            [INFO   ]  Search path : /axolote/diana/manglares/results/02.cutadapt/fastqc/S7B5060_2_fastqc.zip
[2024-02-27 14:10:11,238] multiqc.plots.linegraph                            [DEBUG  ]  Using matplotlib version 3.6.2
[2024-02-27 14:10:11,239] multiqc.plots.bargraph                             [DEBUG  ]  Using matplotlib version 3.6.2
[2024-02-27 14:10:12,070] multiqc.modules.fastqc.fastqc                      [INFO   ]  Found 96 reports
[2024-02-27 14:10:13,430] multiqc                                            [INFO   ]  Compressing plot data
[2024-02-27 14:10:14,363] multiqc                                            [INFO   ]  Report      : results/02.cutadapt/multiqc/multiqc_report.html
[2024-02-27 14:10:14,363] multiqc                                            [INFO   ]  Data        : results/02.cutadapt/multiqc/multiqc_data
[2024-02-27 14:10:14,363] multiqc                                            [DEBUG  ]  Moving data file from '/tmp/tmpnxc4xlza/multiqc_data' to 'results/02.cutadapt/multiqc/multiqc_data'
[2024-02-27 14:10:14,445] multiqc                                            [INFO   ]  MultiQC complete
