INFO [2024-05-27 13:38:25] $x
INFO [2024-05-27 13:38:25] list_core_full
INFO [2024-05-27 13:38:25] 
INFO [2024-05-27 13:38:25] $filename
INFO [2024-05-27 13:38:25] [1] "../results/plots/Venn_depth.png"
INFO [2024-05-27 13:38:25] 
INFO [2024-05-27 13:38:25] $category.names
INFO [2024-05-27 13:38:25] c("0-15", "16-30", "31-45", "50-75")
INFO [2024-05-27 13:38:25] 
INFO [2024-05-27 13:38:25] $output
INFO [2024-05-27 13:38:25] [1] TRUE
INFO [2024-05-27 13:38:25] 
INFO [2024-05-27 13:38:25] $imagetype
INFO [2024-05-27 13:38:25] [1] "png"
INFO [2024-05-27 13:38:25] 
INFO [2024-05-27 13:38:25] $height
INFO [2024-05-27 13:38:25] [1] 2000
INFO [2024-05-27 13:38:25] 
INFO [2024-05-27 13:38:25] $width
INFO [2024-05-27 13:38:25] [1] 2000
INFO [2024-05-27 13:38:25] 
INFO [2024-05-27 13:38:25] $resolution
INFO [2024-05-27 13:38:25] [1] 300
INFO [2024-05-27 13:38:25] 
INFO [2024-05-27 13:38:25] $compression
INFO [2024-05-27 13:38:25] [1] "lzw"
INFO [2024-05-27 13:38:25] 
INFO [2024-05-27 13:38:25] $units
INFO [2024-05-27 13:38:25] [1] "px"
INFO [2024-05-27 13:38:25] 
INFO [2024-05-27 13:38:25] $lwd
INFO [2024-05-27 13:38:25] [1] 2
INFO [2024-05-27 13:38:25] 
INFO [2024-05-27 13:38:25] $lty
INFO [2024-05-27 13:38:25] [1] "blank"
INFO [2024-05-27 13:38:25] 
INFO [2024-05-27 13:38:25] $fontfamily
INFO [2024-05-27 13:38:25] [1] "sans"
INFO [2024-05-27 13:38:25] 
INFO [2024-05-27 13:38:25] $fill
INFO [2024-05-27 13:38:25] depth_colors
INFO [2024-05-27 13:38:25] 
INFO [2024-05-27 13:38:25] $cat.fontfamily
INFO [2024-05-27 13:38:25] [1] "sans"
INFO [2024-05-27 13:38:25] 
INFO [2024-05-27 13:38:25] $cat.cex
INFO [2024-05-27 13:38:25] [1] 1.85
INFO [2024-05-27 13:38:25] 
INFO [2024-05-27 13:38:25] $cat.default.pos
INFO [2024-05-27 13:38:25] [1] "outer"
INFO [2024-05-27 13:38:25] 
ERROR [2024-05-27 13:38:25] Unexpected parameter length for "category"
