INFO [2024-05-27 13:11:44] $x
INFO [2024-05-27 13:11:44] list_core_full
INFO [2024-05-27 13:11:44] 
INFO [2024-05-27 13:11:44] $filename
INFO [2024-05-27 13:11:44] [1] "../results/plots/Venn_depth.png"
INFO [2024-05-27 13:11:44] 
INFO [2024-05-27 13:11:44] $category.names
INFO [2024-05-27 13:11:44] c("0-15", "16-30", "31-45", "50-75")
INFO [2024-05-27 13:11:44] 
INFO [2024-05-27 13:11:44] $output
INFO [2024-05-27 13:11:44] [1] TRUE
INFO [2024-05-27 13:11:44] 
INFO [2024-05-27 13:11:44] $height
INFO [2024-05-27 13:11:44] [1] 2000
INFO [2024-05-27 13:11:44] 
INFO [2024-05-27 13:11:44] $width
INFO [2024-05-27 13:11:44] [1] 2000
INFO [2024-05-27 13:11:44] 
INFO [2024-05-27 13:11:44] $resolution
INFO [2024-05-27 13:11:44] [1] 300
INFO [2024-05-27 13:11:44] 
INFO [2024-05-27 13:11:44] $compression
INFO [2024-05-27 13:11:44] [1] "lzw"
INFO [2024-05-27 13:11:44] 
INFO [2024-05-27 13:11:44] $lwd
INFO [2024-05-27 13:11:44] [1] 2
INFO [2024-05-27 13:11:44] 
INFO [2024-05-27 13:11:44] $lty
INFO [2024-05-27 13:11:44] [1] "blank"
INFO [2024-05-27 13:11:44] 
INFO [2024-05-27 13:11:44] $fontfamily
INFO [2024-05-27 13:11:44] [1] "sans"
INFO [2024-05-27 13:11:44] 
INFO [2024-05-27 13:11:44] $fill
INFO [2024-05-27 13:11:44] depth_colors
INFO [2024-05-27 13:11:44] 
INFO [2024-05-27 13:11:44] $cat.fontfamily
INFO [2024-05-27 13:11:44] [1] "sans"
INFO [2024-05-27 13:11:44] 
INFO [2024-05-27 13:11:44] $cat.cex
INFO [2024-05-27 13:11:44] [1] 1.85
INFO [2024-05-27 13:11:44] 
INFO [2024-05-27 13:11:44] $cat.default.pos
INFO [2024-05-27 13:11:44] [1] "outer"
INFO [2024-05-27 13:11:44] 
