INFO [2024-05-27 13:12:14] $x
INFO [2024-05-27 13:12:14] list_core_full
INFO [2024-05-27 13:12:14] 
INFO [2024-05-27 13:12:14] $filename
INFO [2024-05-27 13:12:14] [1] "../results/plots/Venn_depth.png"
INFO [2024-05-27 13:12:14] 
INFO [2024-05-27 13:12:14] $category.names
INFO [2024-05-27 13:12:14] c("0-15", "16-30", "31-45", "50-75")
INFO [2024-05-27 13:12:14] 
INFO [2024-05-27 13:12:14] $output
INFO [2024-05-27 13:12:14] [1] TRUE
INFO [2024-05-27 13:12:14] 
INFO [2024-05-27 13:12:14] $imagetype
INFO [2024-05-27 13:12:14] [1] "png"
INFO [2024-05-27 13:12:14] 
INFO [2024-05-27 13:12:14] $height
INFO [2024-05-27 13:12:14] [1] 2000
INFO [2024-05-27 13:12:14] 
INFO [2024-05-27 13:12:14] $width
INFO [2024-05-27 13:12:14] [1] 2000
INFO [2024-05-27 13:12:14] 
INFO [2024-05-27 13:12:14] $resolution
INFO [2024-05-27 13:12:14] [1] 300
INFO [2024-05-27 13:12:14] 
INFO [2024-05-27 13:12:14] $compression
INFO [2024-05-27 13:12:14] [1] "lzw"
INFO [2024-05-27 13:12:14] 
INFO [2024-05-27 13:12:14] $units
INFO [2024-05-27 13:12:14] [1] "px"
INFO [2024-05-27 13:12:14] 
INFO [2024-05-27 13:12:14] $lwd
INFO [2024-05-27 13:12:14] [1] 2
INFO [2024-05-27 13:12:14] 
INFO [2024-05-27 13:12:14] $lty
INFO [2024-05-27 13:12:14] [1] "blank"
INFO [2024-05-27 13:12:14] 
INFO [2024-05-27 13:12:14] $fontfamily
INFO [2024-05-27 13:12:14] [1] "sans"
INFO [2024-05-27 13:12:14] 
INFO [2024-05-27 13:12:14] $fill
INFO [2024-05-27 13:12:14] depth_colors
INFO [2024-05-27 13:12:14] 
INFO [2024-05-27 13:12:14] $cat.fontfamily
INFO [2024-05-27 13:12:14] [1] "sans"
INFO [2024-05-27 13:12:14] 
INFO [2024-05-27 13:12:14] $cat.cex
INFO [2024-05-27 13:12:14] [1] 1.85
INFO [2024-05-27 13:12:14] 
INFO [2024-05-27 13:12:14] $cat.default.pos
INFO [2024-05-27 13:12:14] [1] "outer"
INFO [2024-05-27 13:12:14] 
