INFO [2024-05-27 13:24:11] $x
INFO [2024-05-27 13:24:11] list_core_full
INFO [2024-05-27 13:24:11] 
INFO [2024-05-27 13:24:11] $filename
INFO [2024-05-27 13:24:11] [1] "../results/plots/Venn_depth.png"
INFO [2024-05-27 13:24:11] 
INFO [2024-05-27 13:24:11] $category.names
INFO [2024-05-27 13:24:11] c("0-15", "16-30", "31-45", "50-75")
INFO [2024-05-27 13:24:11] 
INFO [2024-05-27 13:24:11] $output
INFO [2024-05-27 13:24:11] [1] TRUE
INFO [2024-05-27 13:24:11] 
INFO [2024-05-27 13:24:11] $imagetype
INFO [2024-05-27 13:24:11] [1] "png"
INFO [2024-05-27 13:24:11] 
INFO [2024-05-27 13:24:11] $height
INFO [2024-05-27 13:24:11] [1] 2000
INFO [2024-05-27 13:24:11] 
INFO [2024-05-27 13:24:11] $width
INFO [2024-05-27 13:24:11] [1] 2000
INFO [2024-05-27 13:24:11] 
INFO [2024-05-27 13:24:11] $resolution
INFO [2024-05-27 13:24:11] [1] 300
INFO [2024-05-27 13:24:11] 
INFO [2024-05-27 13:24:11] $compression
INFO [2024-05-27 13:24:11] [1] "lzw"
INFO [2024-05-27 13:24:11] 
INFO [2024-05-27 13:24:11] $units
INFO [2024-05-27 13:24:11] [1] "px"
INFO [2024-05-27 13:24:11] 
INFO [2024-05-27 13:24:11] $lwd
INFO [2024-05-27 13:24:11] [1] 2
INFO [2024-05-27 13:24:11] 
INFO [2024-05-27 13:24:11] $lty
INFO [2024-05-27 13:24:11] [1] "blank"
INFO [2024-05-27 13:24:11] 
INFO [2024-05-27 13:24:11] $fontfamily
INFO [2024-05-27 13:24:11] [1] "sans"
INFO [2024-05-27 13:24:11] 
INFO [2024-05-27 13:24:11] $fill
INFO [2024-05-27 13:24:11] depth_colors
INFO [2024-05-27 13:24:11] 
INFO [2024-05-27 13:24:11] $cat.fontfamily
INFO [2024-05-27 13:24:11] [1] "sans"
INFO [2024-05-27 13:24:11] 
INFO [2024-05-27 13:24:11] $cat.cex
INFO [2024-05-27 13:24:11] [1] 1.85
INFO [2024-05-27 13:24:11] 
INFO [2024-05-27 13:24:11] $cat.default.pos
INFO [2024-05-27 13:24:11] [1] "outer"
INFO [2024-05-27 13:24:11] 
