INFO [2024-05-27 13:39:47] $x
INFO [2024-05-27 13:39:47] list_core_full
INFO [2024-05-27 13:39:47] 
INFO [2024-05-27 13:39:47] $filename
INFO [2024-05-27 13:39:47] [1] "../results/plots/Venn_depth.png"
INFO [2024-05-27 13:39:47] 
INFO [2024-05-27 13:39:47] $category.names
INFO [2024-05-27 13:39:47] c("0-15", "16-30", "31-45", "50-75")
INFO [2024-05-27 13:39:47] 
INFO [2024-05-27 13:39:47] $output
INFO [2024-05-27 13:39:47] [1] TRUE
INFO [2024-05-27 13:39:47] 
INFO [2024-05-27 13:39:47] $imagetype
INFO [2024-05-27 13:39:47] [1] "png"
INFO [2024-05-27 13:39:47] 
INFO [2024-05-27 13:39:47] $height
INFO [2024-05-27 13:39:47] [1] 2000
INFO [2024-05-27 13:39:47] 
INFO [2024-05-27 13:39:47] $width
INFO [2024-05-27 13:39:47] [1] 2000
INFO [2024-05-27 13:39:47] 
INFO [2024-05-27 13:39:47] $resolution
INFO [2024-05-27 13:39:47] [1] 300
INFO [2024-05-27 13:39:47] 
INFO [2024-05-27 13:39:47] $compression
INFO [2024-05-27 13:39:47] [1] "lzw"
INFO [2024-05-27 13:39:47] 
INFO [2024-05-27 13:39:47] $units
INFO [2024-05-27 13:39:47] [1] "px"
INFO [2024-05-27 13:39:47] 
INFO [2024-05-27 13:39:47] $lwd
INFO [2024-05-27 13:39:47] [1] 2
INFO [2024-05-27 13:39:47] 
INFO [2024-05-27 13:39:47] $lty
INFO [2024-05-27 13:39:47] [1] "blank"
INFO [2024-05-27 13:39:47] 
INFO [2024-05-27 13:39:47] $fontfamily
INFO [2024-05-27 13:39:47] [1] "sans"
INFO [2024-05-27 13:39:47] 
INFO [2024-05-27 13:39:47] $fill
INFO [2024-05-27 13:39:47] depth_colors
INFO [2024-05-27 13:39:47] 
INFO [2024-05-27 13:39:47] $cat.fontfamily
INFO [2024-05-27 13:39:47] [1] "sans"
INFO [2024-05-27 13:39:47] 
INFO [2024-05-27 13:39:47] $cat.cex
INFO [2024-05-27 13:39:47] [1] 1.85
INFO [2024-05-27 13:39:47] 
INFO [2024-05-27 13:39:47] $cat.default.pos
INFO [2024-05-27 13:39:47] [1] "outer"
INFO [2024-05-27 13:39:47] 
