[1] "/axolote/diana/manglares/v0.2"
 [1] "S1A015_1.fastq.gz"  "S1A015_2.fastq.gz"  "S1A1530_1.fastq.gz"
 [4] "S1A1530_2.fastq.gz" "S1A3050_1.fastq.gz" "S1A3050_2.fastq.gz"
 [7] "S1A5075_1.fastq.gz" "S1A5075_2.fastq.gz" "S1B07_1.fastq.gz"  
[10] "S1B07_2.fastq.gz"   "S1B2230_1.fastq.gz" "S1B2230_2.fastq.gz"
[13] "S1B3040_1.fastq.gz" "S1B3040_2.fastq.gz" "S1B6575_1.fastq.gz"
[16] "S1B6575_2.fastq.gz" "S2A1727_1.fastq.gz" "S2A1727_2.fastq.gz"
[19] "S2A3545_1.fastq.gz" "S2A3545_2.fastq.gz" "S2A5060_1.fastq.gz"
[22] "S2A5060_2.fastq.gz" "S2A515_1.fastq.gz"  "S2A515_2.fastq.gz" 
[25] "S2B07_1.fastq.gz"   "S2B07_2.fastq.gz"   "S2B1522_1.fastq.gz"
[28] "S2B1522_2.fastq.gz" "S2B3040_1.fastq.gz" "S2B3040_2.fastq.gz"
[31] "S2B5565_1.fastq.gz" "S2B5565_2.fastq.gz" "S3A07_1.fastq.gz"  
[34] "S3A07_2.fastq.gz"   "S3A1522_1.fastq.gz" "S3A1522_2.fastq.gz"
[37] "S3A3040_1.fastq.gz" "S3A3040_2.fastq.gz" "S3A6070_1.fastq.gz"
[40] "S3A6070_2.fastq.gz" "S3B2030_1.fastq.gz" "S3B2030_2.fastq.gz"
[43] "S3B3545_1.fastq.gz" "S3B3545_2.fastq.gz" "S3B6070_1.fastq.gz"
[46] "S3B6070_2.fastq.gz" "S4B07_1.fastq.gz"   "S4B07_2.fastq.gz"  
[49] "S4B1522_1.fastq.gz" "S4B1522_2.fastq.gz" "S4B3040_1.fastq.gz"
[52] "S4B3040_2.fastq.gz" "S4B5565_1.fastq.gz" "S4B5565_2.fastq.gz"
[55] "S5A07_1.fastq.gz"   "S5A07_2.fastq.gz"   "S5A1522_1.fastq.gz"
[58] "S5A1522_2.fastq.gz" "S5A3040_1.fastq.gz" "S5A3040_2.fastq.gz"
[61] "S5A5565_1.fastq.gz" "S5A5565_2.fastq.gz" "S5B07_1.fastq.gz"  
[64] "S5B07_2.fastq.gz"   "S5B1522_1.fastq.gz" "S5B1522_2.fastq.gz"
[67] "S5B3040_1.fastq.gz" "S5B3040_2.fastq.gz" "S5B5060_1.fastq.gz"
[70] "S5B5060_2.fastq.gz" "S6A07_1.fastq.gz"   "S6A07_2.fastq.gz"  
[73] "S6A1522_1.fastq.gz" "S6A1522_2.fastq.gz" "S6A3040_1.fastq.gz"
[76] "S6A3040_2.fastq.gz" "S6B07_1.fastq.gz"   "S6B07_2.fastq.gz"  
[79] "S6B1522_1.fastq.gz" "S6B1522_2.fastq.gz" "S6B3040_1.fastq.gz"
[82] "S6B3040_2.fastq.gz" "S7A07_1.fastq.gz"   "S7A07_2.fastq.gz"  
[85] "S7A1522_1.fastq.gz" "S7A1522_2.fastq.gz" "S7A3040_1.fastq.gz"
[88] "S7A3040_2.fastq.gz" "S7A5060_1.fastq.gz" "S7A5060_2.fastq.gz"
[91] "S7B07_1.fastq.gz"   "S7B07_2.fastq.gz"   "S7B1522_1.fastq.gz"
[94] "S7B1522_2.fastq.gz" "S7B5060_1.fastq.gz" "S7B5060_2.fastq.gz"
 [1] "S1A015"  "S1A1530" "S1A3050" "S1A5075" "S1B07"   "S1B2230" "S1B3040"
 [8] "S1B6575" "S2A1727" "S2A3545" "S2A5060" "S2A515"  "S2B07"   "S2B1522"
[15] "S2B3040" "S2B5565" "S3A07"   "S3A1522" "S3A3040" "S3A6070" "S3B2030"
[22] "S3B3545" "S3B6070" "S4B07"   "S4B1522" "S4B3040" "S4B5565" "S5A07"  
[29] "S5A1522" "S5A3040" "S5A5565" "S5B07"   "S5B1522" "S5B3040" "S5B5060"
[36] "S6A07"   "S6A1522" "S6A3040" "S6B07"   "S6B1522" "S6B3040" "S7A07"  
[43] "S7A1522" "S7A3040" "S7A5060" "S7B07"   "S7B1522" "S7B5060"
                   reads.in reads.out
S1A015_1.fastq.gz    342327    306289
S1A1530_1.fastq.gz   353082    319333
S1A3050_1.fastq.gz   253549    226138
S1A5075_1.fastq.gz   258518    234172
S1B07_1.fastq.gz     320547    288455
S1B2230_1.fastq.gz   381400    345852
                   reads.in reads.out
S1A015_1.fastq.gz    342327    223119
S1A1530_1.fastq.gz   353082    234114
S1A3050_1.fastq.gz   253549    172590
S1A5075_1.fastq.gz   258518    175093
S1B07_1.fastq.gz     320547    212389
S1B2230_1.fastq.gz   381400    261699
                   reads.in reads.out
S1A015_1.fastq.gz    342327    298901
S1A1530_1.fastq.gz   353082    312643
S1A3050_1.fastq.gz   253549    220605
S1A5075_1.fastq.gz   258518    228482
S1B07_1.fastq.gz     320547    282247
S1B2230_1.fastq.gz   381400    337751
                   reads.in reads.out
S1A015_1.fastq.gz    342327    297415
S1A1530_1.fastq.gz   353082    311279
S1A3050_1.fastq.gz   253549    219447
S1A5075_1.fastq.gz   258518    227256
S1B07_1.fastq.gz     320547    281311
S1B2230_1.fastq.gz   381400    336584
                   reads.in reads.out
S1A015_1.fastq.gz    342327    304350
S1A1530_1.fastq.gz   353082    317482
S1A3050_1.fastq.gz   253549    224633
S1A5075_1.fastq.gz   258518    232697
S1B07_1.fastq.gz     320547    286743
S1B2230_1.fastq.gz   381400    343553
161676320 total bases in 621832 reads from 2 samples will be used for learning the error rates.
Initializing error rates to maximum possible estimate.
selfConsist step 1 ..
   selfConsist step 2
   selfConsist step 3
   selfConsist step 4
   selfConsist step 5
   selfConsist step 6
   selfConsist step 7
   selfConsist step 8
   selfConsist step 9
   selfConsist step 10
124366400 total bases in 621832 reads from 2 samples will be used for learning the error rates.
Initializing error rates to maximum possible estimate.
selfConsist step 1 ..
   selfConsist step 2
   selfConsist step 3
   selfConsist step 4
   selfConsist step 5
   selfConsist step 6
   selfConsist step 7
   selfConsist step 8
   selfConsist step 9
   selfConsist step 10
Sample 1 - 304350 reads in 122338 unique sequences.
Sample 2 - 317482 reads in 119372 unique sequences.
Sample 3 - 224633 reads in 95874 unique sequences.
Sample 4 - 232697 reads in 97860 unique sequences.
Sample 5 - 286743 reads in 109025 unique sequences.
Sample 6 - 343553 reads in 135212 unique sequences.
Sample 7 - 253735 reads in 101204 unique sequences.
Sample 8 - 320005 reads in 132721 unique sequences.
Sample 9 - 299212 reads in 129351 unique sequences.
Sample 10 - 294199 reads in 124712 unique sequences.
Sample 11 - 355911 reads in 140840 unique sequences.
Sample 12 - 236649 reads in 104609 unique sequences.
Sample 13 - 257889 reads in 118664 unique sequences.
Sample 14 - 279690 reads in 110364 unique sequences.
Sample 15 - 305751 reads in 111356 unique sequences.
Sample 16 - 198285 reads in 77076 unique sequences.
Sample 17 - 207147 reads in 84577 unique sequences.
Sample 18 - 232620 reads in 83032 unique sequences.
Sample 19 - 203028 reads in 86116 unique sequences.
Sample 20 - 160260 reads in 54889 unique sequences.
Sample 21 - 322096 reads in 124487 unique sequences.
Sample 22 - 287923 reads in 121373 unique sequences.
Sample 23 - 971009 reads in 289686 unique sequences.
Sample 24 - 345187 reads in 141589 unique sequences.
Sample 25 - 198625 reads in 83736 unique sequences.
Sample 26 - 293421 reads in 120075 unique sequences.
Sample 27 - 300810 reads in 120271 unique sequences.
Sample 28 - 300905 reads in 112357 unique sequences.
Sample 29 - 227163 reads in 86973 unique sequences.
Sample 30 - 307848 reads in 119011 unique sequences.
Sample 31 - 144886 reads in 63799 unique sequences.
Sample 32 - 275145 reads in 109649 unique sequences.
Sample 33 - 291202 reads in 141370 unique sequences.
Sample 34 - 470139 reads in 190972 unique sequences.
Sample 35 - 368802 reads in 150230 unique sequences.
Sample 36 - 303854 reads in 112357 unique sequences.
Sample 37 - 274684 reads in 104233 unique sequences.
Sample 38 - 252152 reads in 92205 unique sequences.
Sample 39 - 394003 reads in 149902 unique sequences.
Sample 40 - 274893 reads in 108265 unique sequences.
Sample 41 - 256281 reads in 110958 unique sequences.
Sample 42 - 340610 reads in 138494 unique sequences.
Sample 43 - 261810 reads in 103155 unique sequences.
Sample 44 - 350223 reads in 138839 unique sequences.
Sample 45 - 128459 reads in 65869 unique sequences.
Sample 46 - 234484 reads in 117896 unique sequences.
Sample 47 - 308083 reads in 128142 unique sequences.
Sample 48 - 238942 reads in 93781 unique sequences.

   selfConsist step 2Sample 1 - 304350 reads in 145273 unique sequences.
Sample 2 - 317482 reads in 151278 unique sequences.
Sample 3 - 224633 reads in 106852 unique sequences.
Sample 4 - 232697 reads in 113182 unique sequences.
Sample 5 - 286743 reads in 135808 unique sequences.
Sample 6 - 343553 reads in 163275 unique sequences.
Sample 7 - 253735 reads in 114042 unique sequences.
Sample 8 - 320005 reads in 149602 unique sequences.
Sample 9 - 299212 reads in 147409 unique sequences.
Sample 10 - 294199 reads in 138584 unique sequences.
Sample 11 - 355911 reads in 171527 unique sequences.
Sample 12 - 236649 reads in 116437 unique sequences.
Sample 13 - 257889 reads in 123172 unique sequences.
Sample 14 - 279690 reads in 131850 unique sequences.
Sample 15 - 305751 reads in 128186 unique sequences.
Sample 16 - 198285 reads in 98043 unique sequences.
Sample 17 - 207147 reads in 106350 unique sequences.
Sample 18 - 232620 reads in 108080 unique sequences.
Sample 19 - 203028 reads in 97059 unique sequences.
Sample 20 - 160260 reads in 68941 unique sequences.
Sample 21 - 322096 reads in 150748 unique sequences.
Sample 22 - 287923 reads in 135969 unique sequences.
Sample 23 - 971009 reads in 357820 unique sequences.
Sample 24 - 345187 reads in 163388 unique sequences.
Sample 25 - 198625 reads in 95893 unique sequences.
Sample 26 - 293421 reads in 134120 unique sequences.
Sample 27 - 300810 reads in 149194 unique sequences.
Sample 28 - 300905 reads in 135118 unique sequences.
Sample 29 - 227163 reads in 101921 unique sequences.
Sample 30 - 307848 reads in 136944 unique sequences.
Sample 31 - 144886 reads in 70358 unique sequences.
Sample 32 - 275145 reads in 133497 unique sequences.
Sample 33 - 291202 reads in 148953 unique sequences.
Sample 34 - 470139 reads in 214450 unique sequences.
Sample 35 - 368802 reads in 158149 unique sequences.
Sample 36 - 303854 reads in 150580 unique sequences.
Sample 37 - 274684 reads in 130808 unique sequences.
Sample 38 - 252152 reads in 114080 unique sequences.
Sample 39 - 394003 reads in 175760 unique sequences.
Sample 40 - 274893 reads in 114323 unique sequences.
Sample 41 - 256281 reads in 109772 unique sequences.
Sample 42 - 340610 reads in 168028 unique sequences.
Sample 43 - 261810 reads in 120849 unique sequences.
Sample 44 - 350223 reads in 159352 unique sequences.
Sample 45 - 128459 reads in 68204 unique sequences.
Sample 46 - 234484 reads in 150393 unique sequences.
Sample 47 - 308083 reads in 148983 unique sequences.
Sample 48 - 238942 reads in 109368 unique sequences.

   selfConsist step 2
  260   261   262   263   264   268   269   271   273   274   275   276   277 
  502    22     2     1     1     1     1     1    12     3     7    18    16 
  278   279   280   281   286   290   292   293   294   295   296   297   298 
    6     7    56     2     1     1     6    15     2     2     1     1     1 
  301   302   303   305   308   310   311   312   313   314   315   316   317 
    1     5     1     1     1     1     1     2     1     2     4     4     7 
  318   319   321   322   323   324   325   326   330   331   332   333   334 
    2     3     2     2     1     1     1     2     2     2    13     1     3 
  335   336   337   338   339   341   342   343   344   347   348   349   351 
    3    10     3     3     3    17     9     4    10     4     1     5     2 
  352   354   356   357   358   360   362   363   364   365   367   368   369 
    2     1     1     1     3     2     1     5     6     3    16    10     2 
  370   371   372   373   374   375   376   377   378   379   380   381   382 
    1     9    26   107    51    10     1     4    10     3    21    41    36 
  383   384   385   386   387   388   389   390   391   392   393   394   395 
  419  1905   551   301   239    63    59    67    43    14    22    59   182 
  396   397   398   399   400   401   402   403   404   405   406   407   408 
  302   271    83    35   131   983  8967 12288  3952  2429  1346  3233   704 
  409   410   411   412   413   414   415   416   417   418   419   420   421 
  737   282   462   153   188  1116   215   901   522   980   964  1297  2655 
  422   423   424   425   426   427   428   429   430   431   432   433   434 
 8024  4051  2802  2003  7443 29657 21562  2666   435   173   187   108   548 
  435   436   437   438   439   440   441   442   443   444   445   446   447 
  135   318   222   417   314   482   769  1731   599  1037  1897  3641 12892 
  448   449   450   451   452 
10833   789   228    67    60 
[1]    48 95457
[1] 0.89887
[1]    48 91490

  260   261   262   263   264   269   273   276   277   279   280   286   290 
  322    18     2     1     1     1     2     8    13     1     5     1     1 
  292   293   294   295   297   301   302   303   308   311   312   313   314 
    6    14     2     1     1     1     4     1     1     1     2     1     2 
  315   316   317   318   319   321   322   324   325   326   332   334   335 
    3     3     3     2     1     2     1     1     1     2     5     2     2 
  336   337   338   339   341   342   343   344   349   351   352   354   356 
    8     2     1     2     5     4     1     3     5     1     1     1     1 
  357   358   360   363   364   365   367   368   369   370   371   372   373 
    1     3     1     5     1     2     3     1     2     1     9    26   106 
  374   375   376   377   378   379   380   381   382   383   384   385   386 
   51     8     1     3     3     3    15    41    35   393  1806   544   299 
  387   388   389   390   391   392   393   394   395   396   397   398   399 
  235    63    55    57    39    10    13    54   176   293   264    81    34 
  400   401   402   403   404   405   406   407   408   409   410   411   412 
  102   748  6894 10346  3084  2195   975  1410   476   567   233   422   141 
  413   414   415   416   417   418   419   420   421   422   423   424   425 
  160   774   166   703   463   779   779   904  1393  4776  2029  2043  1537 
  426   427   428   429   430   431   432   433   434   435   436   437   438 
 4787 13353 14242  2278   301   122    95    51   122    61    97    96   157 
  439   440   441   442   443   444   445   446   447   448   449   450   451 
  134   163   227   473   301   448   492   750  1443  1613   233    82    32 
  452 
   25 
pdf 
  2 
            Raw Qual_filter  Derep ASVs.R1 ASVs.R2 Merged nonchim
S1A015   342327      306289 304350  295481  294899 267117  243062
S1A1530  353082      319333 317482  309764  309229 283071  259650
S1A3050  253549      226138 224633  217168  216792 195281  180047
S1A5075  258518      234172 232697  226403  224909 204850  186680
S1B07    320547      288455 286743  277418  276736 250473  207987
S1B2230  381400      345852 343553  332779  332554 295973  269959
S1B3040  286283      255616 253735  246596  246723 220552  195671
S1B6575  352640      322118 320005  308679  309649 269416  248502
S2A1727  330795      301132 299212  281609  287546 242310  222708
S2A3545  328144      296173 294199  281934  281208 249625  221366
S2A5060  395326      358239 355911  343497  343191 304848  272197
S2A515   261496      238172 236649  227272  228008 200344  185043
S2B07    286496      259654 257889  244204  246826 214550  194617
S2B1522  309385      281402 279690  270216  269935 241278  222282
S2B3040  340093      307567 305751  297615  297587 271641  245981
S2B5565  220967      199442 198285  193238  192068 173390  153758
S3A07    233674      208416 207147  198917  198499 176679  148331
S3A1522  259804      234111 232620  227201  226612 206811  181997
S3A3040  229482      204459 203028  195900  195309 172833  157199
S3A6070  177807      161347 160260  157172  156945 144736  129138
S3B2030  357597      324135 322096  312282  312748 279200  250228
S3B3545  321667      289882 287923  277321  278626 246657  214788
S3B6070 1074036      977072 971009  954898  954560 883181  783877
S4B07    381507      347244 345187  331879  332448 297013  271702
S4B1522  219117      199795 198625  191115  191016 170604  155688
S4B3040  326041      295359 293421  284236  284083 256056  232037
S4B5565  331626      302547 300810  291694  290233 259291  237760
S5A07    337694      302784 300905  291805  291672 265139  219758
S5A1522  253669      228588 227163  220466  220380 201820  170908
S5A3040  347506      309813 307848  299639  299610 274319  236181
S5A5565  160683      145871 144886  140663  140087 127208  113797
S5B07    304182      276676 275145  265545  265471 239914  208637
S5B1522  318445      292911 291202  269629  277106 220399  187610
S5B3040  519530      472949 470139  452756  454021 402659  371915
S5B5060  407409      371378 368802  354410  358651 314773  285542
S6A07    339106      305619 303854  295417  294178 268106  242601
S6A1522  304546      276409 274684  266969  265813 243082  223506
S6A3040  281949      253708 252152  246311  244388 225137  196177
S6B07    437642      396473 394003  380487  380688 341555  297743
S6B1522  304421      276841 274893  265920  266348 243092  215379
S6B3040  288026      258197 256281  246615  246863 222764  199296
S7A07    382789      342787 340610  327338  327290 290779  265876
S7A1522  292933      263517 261810  254373  253424 231743  215292
S7A3040  395227      352708 350223  339867  339287 306753  281383
S7A5060  141888      129337 128459  118918  121533  97953   88777
S7B07    268133      236232 234484  223267  221707 193171  173185
S7B1522  340074      309965 308083  295719  295056 263020  240719
S7B5060  264737      240488 238942  232748  231321 209989  181805
        percentage_used
S1A015         71.00287
S1A1530        73.53816
S1A3050        71.01073
S1A5075        72.21161
S1B07          64.88502
S1B2230        70.78107
S1B3040        68.34880
S1B6575        70.46903
S2A1727        67.32508
S2A3545        67.46002
S2A5060        68.85381
S2A515         70.76322
S2B07          67.93009
S2B1522        71.84640
S2B3040        72.32757
S2B5565        69.58415
S3A07          63.47775
S3A1522        70.05165
S3A3040        68.50167
S3A6070        72.62819
S3B2030        69.97486
S3B3545        66.77340
S3B6070        72.98424
S4B07          71.21809
S4B1522        71.05245
S4B3040        71.16804
S4B5565        71.69522
S5A07          65.07607
S5A1522        67.37441
S5A3040        67.96458
S5A5565        70.82081
S5B07          68.58953
S5B1522        58.91441
S5B3040        71.58682
S5B5060        70.08731
S6A07          71.54135
S6A1522        73.38990
S6A3040        69.57890
S6B07          68.03346
S6B1522        70.75038
S6B3040        69.19375
S7A07          69.45759
S7A1522        73.49530
S7A3040        71.19529
S7A5060        62.56836
S7B07          64.58922
S7B1522        70.78430
S7B5060        68.67382
