INFO [2024-05-27 13:10:28] $x
INFO [2024-05-27 13:10:28] list_core_full
INFO [2024-05-27 13:10:28] 
INFO [2024-05-27 13:10:28] $filename
INFO [2024-05-27 13:10:28] NULL
INFO [2024-05-27 13:10:28] 
INFO [2024-05-27 13:10:28] $category.names
INFO [2024-05-27 13:10:28] c("0-15", "16-30", "31-45", "50-75")
INFO [2024-05-27 13:10:28] 
INFO [2024-05-27 13:10:28] $output
INFO [2024-05-27 13:10:28] [1] TRUE
INFO [2024-05-27 13:10:28] 
INFO [2024-05-27 13:10:28] $height
INFO [2024-05-27 13:10:28] [1] 2000
INFO [2024-05-27 13:10:28] 
INFO [2024-05-27 13:10:28] $width
INFO [2024-05-27 13:10:28] [1] 2000
INFO [2024-05-27 13:10:28] 
INFO [2024-05-27 13:10:28] $resolution
INFO [2024-05-27 13:10:28] [1] 300
INFO [2024-05-27 13:10:28] 
INFO [2024-05-27 13:10:28] $compression
INFO [2024-05-27 13:10:28] [1] "lzw"
INFO [2024-05-27 13:10:28] 
INFO [2024-05-27 13:10:28] $lwd
INFO [2024-05-27 13:10:28] [1] 2
INFO [2024-05-27 13:10:28] 
INFO [2024-05-27 13:10:28] $lty
INFO [2024-05-27 13:10:28] [1] "blank"
INFO [2024-05-27 13:10:28] 
INFO [2024-05-27 13:10:28] $fontfamily
INFO [2024-05-27 13:10:28] [1] "sans"
INFO [2024-05-27 13:10:28] 
INFO [2024-05-27 13:10:28] $fill
INFO [2024-05-27 13:10:28] depth_colors
INFO [2024-05-27 13:10:28] 
INFO [2024-05-27 13:10:28] $cat.fontfamily
INFO [2024-05-27 13:10:28] [1] "sans"
INFO [2024-05-27 13:10:28] 
INFO [2024-05-27 13:10:28] $cat.cex
INFO [2024-05-27 13:10:28] [1] 1.85
INFO [2024-05-27 13:10:28] 
INFO [2024-05-27 13:10:28] $cat.default.pos
INFO [2024-05-27 13:10:28] [1] "outer"
INFO [2024-05-27 13:10:28] 
